Port monitor named: Port2_e1[35].prt

nx        = 25
ny        = 11
nz        = 51

nu        = 25
nv        = 11
iu        = 1
iv        = 1

idir      = 2
dcut      = 2.000000e-002
icut      = 51
type      = 0
frequency = 3.500000e+010

fcutoff   = 2.102660e+010
alpha     = 0.000000e+000
beta      = 5.863850e+002
accuracy  = 5.699435e-011

type          = TE
wave imp.     = 4.712756e+002
wave imp.sig. = 1.027474e-005
line imp.     = 0.000000e+000

ref. port     = 0

0.000000e+000  0.000000e+000  0.000000e+000  0.000000e+000  0.000000e+000  0.000000e+000  0.000000e+000  0.000000e+000  0.000000e+000  0.000000e+000  0.000000e+000  0.000000e+000  0.000000e+000  0.000000e+000  0.000000e+000  0.000000e+000  0.000000e+000  0.000000e+000  0.000000e+000  0.000000e+000  0.000000e+000  0.000000e+000  0.000000e+000  0.000000e+000  0.000000e+000  
-9.182331e-006  -8.585775e-006  -1.612647e-005  -1.626667e-006  6.830761e-005  5.575646e-006  -5.057823e-005  -3.417626e-005  7.668123e-005  -6.068628e-005  -6.844018e-006  -1.229675e-006  1.207138e-006  6.836740e-006  6.071677e-005  -7.666965e-005  3.419048e-005  5.057579e-005  -5.576185e-006  -6.830979e-005  1.622641e-006  1.612024e-005  8.583466e-006  9.192244e-006  0.000000e+000  
-1.592889e-005  -1.224326e-005  -9.089196e-006  -8.889601e-006  7.299352e-007  -1.801012e-005  -3.563046e-005  -3.136357e-005  -1.971894e-005  -3.675962e-005  -2.062261e-005  -6.469453e-006  6.491702e-006  2.062610e-005  3.676884e-005  1.973807e-005  3.137354e-005  3.563912e-005  1.801901e-005  -7.375106e-007  8.873168e-006  9.096681e-006  1.224973e-005  1.593308e-005  0.000000e+000  
-2.348971e-005  -1.560051e-005  -1.177514e-006  -2.000553e-005  -4.092003e-005  -4.256245e-005  -4.325988e-005  -5.030847e-005  -5.023607e-005  -5.249465e-005  -3.199641e-005  -1.037122e-005  1.041007e-005  3.200220e-005  5.249387e-005  5.023733e-005  5.030550e-005  4.326844e-005  4.257091e-005  4.093742e-005  2.000773e-005  1.165654e-006  1.560896e-005  2.350436e-005  0.000000e+000  
-3.289127e-005  -2.055957e-005  1.598840e-005  -2.801787e-005  -9.581862e-005  -6.756790e-005  -4.231464e-005  -8.293877e-005  -7.538488e-005  -9.284070e-005  -4.423142e-005  -1.325923e-005  1.330123e-005  4.425146e-005  9.286700e-005  7.540548e-005  8.296849e-005  4.235075e-005  6.757910e-005  9.582767e-005  2.801278e-005  -1.598549e-005  2.057388e-005  3.290305e-005  0.000000e+000  
-1.027024e-004  -8.872161e-005  -5.726066e-005  -1.059712e-004  -3.127904e-005  -5.523081e-005  -8.987579e-005  3.480199e-005  -4.232149e-005  -3.111360e-005  -2.178362e-005  -7.614470e-006  7.623267e-006  2.181140e-005  3.113603e-005  4.232604e-005  -3.479642e-005  8.988576e-005  5.525278e-005  3.129855e-005  1.059616e-004  5.726957e-005  8.874041e-005  1.027224e-004  0.000000e+000  
-7.824210e-005  -7.116037e-005  -6.077161e-005  -6.329741e-005  -4.845911e-005  -4.441506e-005  -3.998164e-005  -2.790264e-005  -2.535868e-005  -2.052927e-005  -1.316523e-005  -4.533000e-006  4.557586e-006  1.317582e-005  2.053743e-005  2.538069e-005  2.792383e-005  3.999449e-005  4.442603e-005  4.843877e-005  6.328692e-005  6.076957e-005  7.116581e-005  7.824623e-005  0.000000e+000  
-5.756756e-005  -5.389555e-005  -4.845609e-005  -4.440357e-005  -3.783620e-005  -3.314933e-005  -2.805719e-005  -2.315752e-005  -1.959794e-005  -1.503386e-005  -9.216389e-006  -3.104252e-006  3.106939e-006  9.210119e-006  1.505815e-005  1.960632e-005  2.315176e-005  2.806044e-005  3.316122e-005  3.781900e-005  4.437837e-005  4.843822e-005  5.389194e-005  5.757779e-005  0.000000e+000  
-3.810242e-005  -3.612942e-005  -3.287292e-005  -2.916020e-005  -2.518668e-005  -2.199169e-005  -1.850973e-005  -1.546876e-005  -1.308640e-005  -9.969077e-006  -6.031552e-006  -2.027639e-006  2.022912e-006  6.045085e-006  9.974313e-006  1.308719e-005  1.547251e-005  1.850997e-005  2.198336e-005  2.516259e-005  2.913296e-005  3.285527e-005  3.610813e-005  3.809402e-005  0.000000e+000  
-1.900206e-005  -1.810156e-005  -1.651686e-005  -1.453178e-005  -1.256451e-005  -1.098053e-005  -9.227693e-006  -7.708516e-006  -6.517533e-006  -4.960524e-006  -2.980194e-006  -1.005147e-006  1.010544e-006  2.992902e-006  4.969728e-006  6.526882e-006  7.716172e-006  9.228780e-006  1.096851e-005  1.254247e-005  1.450383e-005  1.650684e-005  1.809004e-005  1.900256e-005  0.000000e+000  
0.000000e+000  0.000000e+000  0.000000e+000  0.000000e+000  0.000000e+000  0.000000e+000  0.000000e+000  0.000000e+000  0.000000e+000  0.000000e+000  0.000000e+000  0.000000e+000  0.000000e+000  0.000000e+000  0.000000e+000  0.000000e+000  0.000000e+000  0.000000e+000  0.000000e+000  0.000000e+000  0.000000e+000  0.000000e+000  0.000000e+000  0.000000e+000  0.000000e+000  

0.000000e+000  1.254120e+003  2.454722e+003  3.550572e+003  4.408366e+003  4.831584e+003  5.199666e+003  5.508410e+003  5.667973e+003  5.802771e+003  5.962059e+003  6.058311e+003  6.090508e+003  6.058311e+003  5.962059e+003  5.802771e+003  5.667973e+003  5.508410e+003  5.199666e+003  4.831584e+003  4.408366e+003  3.550572e+003  2.454722e+003  1.254120e+003  0.000000e+000  
0.000000e+000  1.254120e+003  2.454722e+003  3.550572e+003  4.408367e+003  4.831584e+003  5.199666e+003  5.508410e+003  5.667974e+003  5.802771e+003  5.962060e+003  6.058311e+003  6.090509e+003  6.058311e+003  5.962060e+003  5.802771e+003  5.667974e+003  5.508410e+003  5.199666e+003  4.831584e+003  4.408367e+003  3.550572e+003  2.454722e+003  1.254120e+003  0.000000e+000  
0.000000e+000  1.254120e+003  2.454722e+003  3.550572e+003  4.408367e+003  4.831584e+003  5.199666e+003  5.508410e+003  5.667974e+003  5.802771e+003  5.962060e+003  6.058311e+003  6.090509e+003  6.058311e+003  5.962060e+003  5.802771e+003  5.667974e+003  5.508410e+003  5.199666e+003  4.831584e+003  4.408367e+003  3.550572e+003  2.454722e+003  1.254120e+003  0.000000e+000  
0.000000e+000  1.254120e+003  2.454722e+003  3.550572e+003  4.408367e+003  4.831584e+003  5.199666e+003  5.508410e+003  5.667974e+003  5.802771e+003  5.962060e+003  6.058311e+003  6.090509e+003  6.058311e+003  5.962060e+003  5.802771e+003  5.667974e+003  5.508410e+003  5.199666e+003  4.831584e+003  4.408367e+003  3.550572e+003  2.454722e+003  1.254120e+003  0.000000e+000  
0.000000e+000  1.254120e+003  2.454722e+003  3.550572e+003  4.408366e+003  4.831584e+003  5.199665e+003  5.508410e+003  5.667974e+003  5.802771e+003  5.962060e+003  6.058311e+003  6.090509e+003  6.058311e+003  5.962060e+003  5.802771e+003  5.667974e+003  5.508410e+003  5.199665e+003  4.831584e+003  4.408366e+003  3.550572e+003  2.454722e+003  1.254120e+003  0.000000e+000  
0.000000e+000  1.254120e+003  2.454722e+003  3.550572e+003  4.408366e+003  4.831584e+003  5.199665e+003  5.508410e+003  5.667973e+003  5.802771e+003  5.962059e+003  6.058311e+003  6.090508e+003  6.058311e+003  5.962059e+003  5.802771e+003  5.667973e+003  5.508410e+003  5.199665e+003  4.831584e+003  4.408366e+003  3.550572e+003  2.454722e+003  1.254120e+003  0.000000e+000  
0.000000e+000  1.254120e+003  2.454722e+003  3.550572e+003  4.408366e+003  4.831584e+003  5.199665e+003  5.508410e+003  5.667973e+003  5.802771e+003  5.962059e+003  6.058311e+003  6.090508e+003  6.058311e+003  5.962059e+003  5.802771e+003  5.667973e+003  5.508410e+003  5.199665e+003  4.831584e+003  4.408366e+003  3.550572e+003  2.454722e+003  1.254120e+003  0.000000e+000  
0.000000e+000  1.254120e+003  2.454722e+003  3.550572e+003  4.408366e+003  4.831584e+003  5.199665e+003  5.508410e+003  5.667973e+003  5.802771e+003  5.962059e+003  6.058311e+003  6.090508e+003  6.058311e+003  5.962059e+003  5.802771e+003  5.667973e+003  5.508410e+003  5.199665e+003  4.831584e+003  4.408366e+003  3.550572e+003  2.454722e+003  1.254120e+003  0.000000e+000  
0.000000e+000  1.254120e+003  2.454722e+003  3.550572e+003  4.408366e+003  4.831584e+003  5.199665e+003  5.508410e+003  5.667973e+003  5.802771e+003  5.962059e+003  6.058311e+003  6.090508e+003  6.058311e+003  5.962059e+003  5.802771e+003  5.667973e+003  5.508410e+003  5.199665e+003  4.831584e+003  4.408366e+003  3.550572e+003  2.454722e+003  1.254120e+003  0.000000e+000  
0.000000e+000  1.254120e+003  2.454722e+003  3.550572e+003  4.408366e+003  4.831584e+003  5.199665e+003  5.508410e+003  5.667973e+003  5.802771e+003  5.962059e+003  6.058311e+003  6.090508e+003  6.058311e+003  5.962059e+003  5.802771e+003  5.667973e+003  5.508410e+003  5.199665e+003  4.831584e+003  4.408366e+003  3.550572e+003  2.454722e+003  1.254120e+003  0.000000e+000  
0.000000e+000  0.000000e+000  0.000000e+000  0.000000e+000  0.000000e+000  0.000000e+000  0.000000e+000  0.000000e+000  0.000000e+000  0.000000e+000  0.000000e+000  0.000000e+000  0.000000e+000  0.000000e+000  0.000000e+000  0.000000e+000  0.000000e+000  0.000000e+000  0.000000e+000  0.000000e+000  0.000000e+000  0.000000e+000  0.000000e+000  0.000000e+000  0.000000e+000  

0.000000e+000  0.000000e+000  0.000000e+000  0.000000e+000  0.000000e+000  0.000000e+000  0.000000e+000  0.000000e+000  0.000000e+000  0.000000e+000  0.000000e+000  0.000000e+000  0.000000e+000  0.000000e+000  0.000000e+000  0.000000e+000  0.000000e+000  0.000000e+000  0.000000e+000  0.000000e+000  0.000000e+000  0.000000e+000  0.000000e+000  0.000000e+000  0.000000e+000  
0.000000e+000  0.000000e+000  0.000000e+000  0.000000e+000  0.000000e+000  0.000000e+000  0.000000e+000  0.000000e+000  0.000000e+000  0.000000e+000  0.000000e+000  0.000000e+000  0.000000e+000  0.000000e+000  0.000000e+000  0.000000e+000  0.000000e+000  0.000000e+000  0.000000e+000  0.000000e+000  0.000000e+000  0.000000e+000  0.000000e+000  0.000000e+000  0.000000e+000  
0.000000e+000  0.000000e+000  0.000000e+000  0.000000e+000  0.000000e+000  0.000000e+000  0.000000e+000  0.000000e+000  0.000000e+000  0.000000e+000  0.000000e+000  0.000000e+000  0.000000e+000  0.000000e+000  0.000000e+000  0.000000e+000  0.000000e+000  0.000000e+000  0.000000e+000  0.000000e+000  0.000000e+000  0.000000e+000  0.000000e+000  0.000000e+000  0.000000e+000  
0.000000e+000  0.000000e+000  0.000000e+000  0.000000e+000  0.000000e+000  0.000000e+000  0.000000e+000  0.000000e+000  0.000000e+000  0.000000e+000  0.000000e+000  0.000000e+000  0.000000e+000  0.000000e+000  0.000000e+000  0.000000e+000  0.000000e+000  0.000000e+000  0.000000e+000  0.000000e+000  0.000000e+000  0.000000e+000  0.000000e+000  0.000000e+000  0.000000e+000  
0.000000e+000  0.000000e+000  0.000000e+000  0.000000e+000  0.000000e+000  0.000000e+000  0.000000e+000  0.000000e+000  0.000000e+000  0.000000e+000  0.000000e+000  0.000000e+000  0.000000e+000  0.000000e+000  0.000000e+000  0.000000e+000  0.000000e+000  0.000000e+000  0.000000e+000  0.000000e+000  0.000000e+000  0.000000e+000  0.000000e+000  0.000000e+000  0.000000e+000  
0.000000e+000  0.000000e+000  0.000000e+000  0.000000e+000  0.000000e+000  0.000000e+000  0.000000e+000  0.000000e+000  0.000000e+000  0.000000e+000  0.000000e+000  0.000000e+000  0.000000e+000  0.000000e+000  0.000000e+000  0.000000e+000  0.000000e+000  0.000000e+000  0.000000e+000  0.000000e+000  0.000000e+000  0.000000e+000  0.000000e+000  0.000000e+000  0.000000e+000  
0.000000e+000  0.000000e+000  0.000000e+000  0.000000e+000  0.000000e+000  0.000000e+000  0.000000e+000  0.000000e+000  0.000000e+000  0.000000e+000  0.000000e+000  0.000000e+000  0.000000e+000  0.000000e+000  0.000000e+000  0.000000e+000  0.000000e+000  0.000000e+000  0.000000e+000  0.000000e+000  0.000000e+000  0.000000e+000  0.000000e+000  0.000000e+000  0.000000e+000  
0.000000e+000  0.000000e+000  0.000000e+000  0.000000e+000  0.000000e+000  0.000000e+000  0.000000e+000  0.000000e+000  0.000000e+000  0.000000e+000  0.000000e+000  0.000000e+000  0.000000e+000  0.000000e+000  0.000000e+000  0.000000e+000  0.000000e+000  0.000000e+000  0.000000e+000  0.000000e+000  0.000000e+000  0.000000e+000  0.000000e+000  0.000000e+000  0.000000e+000  
0.000000e+000  0.000000e+000  0.000000e+000  0.000000e+000  0.000000e+000  0.000000e+000  0.000000e+000  0.000000e+000  0.000000e+000  0.000000e+000  0.000000e+000  0.000000e+000  0.000000e+000  0.000000e+000  0.000000e+000  0.000000e+000  0.000000e+000  0.000000e+000  0.000000e+000  0.000000e+000  0.000000e+000  0.000000e+000  0.000000e+000  0.000000e+000  0.000000e+000  
0.000000e+000  0.000000e+000  0.000000e+000  0.000000e+000  0.000000e+000  0.000000e+000  0.000000e+000  0.000000e+000  0.000000e+000  0.000000e+000  0.000000e+000  0.000000e+000  0.000000e+000  0.000000e+000  0.000000e+000  0.000000e+000  0.000000e+000  0.000000e+000  0.000000e+000  0.000000e+000  0.000000e+000  0.000000e+000  0.000000e+000  0.000000e+000  0.000000e+000  
0.000000e+000  0.000000e+000  0.000000e+000  0.000000e+000  0.000000e+000  0.000000e+000  0.000000e+000  0.000000e+000  0.000000e+000  0.000000e+000  0.000000e+000  0.000000e+000  0.000000e+000  0.000000e+000  0.000000e+000  0.000000e+000  0.000000e+000  0.000000e+000  0.000000e+000  0.000000e+000  0.000000e+000  0.000000e+000  0.000000e+000  0.000000e+000  0.000000e+000  

0.000000e+000  0.000000e+000  0.000000e+000  0.000000e+000  0.000000e+000  0.000000e+000  0.000000e+000  0.000000e+000  0.000000e+000  0.000000e+000  0.000000e+000  0.000000e+000  0.000000e+000  0.000000e+000  0.000000e+000  0.000000e+000  0.000000e+000  0.000000e+000  0.000000e+000  0.000000e+000  0.000000e+000  0.000000e+000  0.000000e+000  0.000000e+000  0.000000e+000  
0.000000e+000  0.000000e+000  0.000000e+000  0.000000e+000  0.000000e+000  0.000000e+000  0.000000e+000  0.000000e+000  0.000000e+000  0.000000e+000  0.000000e+000  0.000000e+000  0.000000e+000  0.000000e+000  0.000000e+000  0.000000e+000  0.000000e+000  0.000000e+000  0.000000e+000  0.000000e+000  0.000000e+000  0.000000e+000  0.000000e+000  0.000000e+000  0.000000e+000  
0.000000e+000  0.000000e+000  0.000000e+000  0.000000e+000  0.000000e+000  0.000000e+000  0.000000e+000  0.000000e+000  0.000000e+000  0.000000e+000  0.000000e+000  0.000000e+000  0.000000e+000  0.000000e+000  0.000000e+000  0.000000e+000  0.000000e+000  0.000000e+000  0.000000e+000  0.000000e+000  0.000000e+000  0.000000e+000  0.000000e+000  0.000000e+000  0.000000e+000  
0.000000e+000  0.000000e+000  0.000000e+000  0.000000e+000  0.000000e+000  0.000000e+000  0.000000e+000  0.000000e+000  0.000000e+000  0.000000e+000  0.000000e+000  0.000000e+000  0.000000e+000  0.000000e+000  0.000000e+000  0.000000e+000  0.000000e+000  0.000000e+000  0.000000e+000  0.000000e+000  0.000000e+000  0.000000e+000  0.000000e+000  0.000000e+000  0.000000e+000  
0.000000e+000  0.000000e+000  0.000000e+000  0.000000e+000  0.000000e+000  0.000000e+000  0.000000e+000  0.000000e+000  0.000000e+000  0.000000e+000  0.000000e+000  0.000000e+000  0.000000e+000  0.000000e+000  0.000000e+000  0.000000e+000  0.000000e+000  0.000000e+000  0.000000e+000  0.000000e+000  0.000000e+000  0.000000e+000  0.000000e+000  0.000000e+000  0.000000e+000  
0.000000e+000  0.000000e+000  0.000000e+000  0.000000e+000  0.000000e+000  0.000000e+000  0.000000e+000  0.000000e+000  0.000000e+000  0.000000e+000  0.000000e+000  0.000000e+000  0.000000e+000  0.000000e+000  0.000000e+000  0.000000e+000  0.000000e+000  0.000000e+000  0.000000e+000  0.000000e+000  0.000000e+000  0.000000e+000  0.000000e+000  0.000000e+000  0.000000e+000  
0.000000e+000  0.000000e+000  0.000000e+000  0.000000e+000  0.000000e+000  0.000000e+000  0.000000e+000  0.000000e+000  0.000000e+000  0.000000e+000  0.000000e+000  0.000000e+000  0.000000e+000  0.000000e+000  0.000000e+000  0.000000e+000  0.000000e+000  0.000000e+000  0.000000e+000  0.000000e+000  0.000000e+000  0.000000e+000  0.000000e+000  0.000000e+000  0.000000e+000  
0.000000e+000  0.000000e+000  0.000000e+000  0.000000e+000  0.000000e+000  0.000000e+000  0.000000e+000  0.000000e+000  0.000000e+000  0.000000e+000  0.000000e+000  0.000000e+000  0.000000e+000  0.000000e+000  0.000000e+000  0.000000e+000  0.000000e+000  0.000000e+000  0.000000e+000  0.000000e+000  0.000000e+000  0.000000e+000  0.000000e+000  0.000000e+000  0.000000e+000  
0.000000e+000  0.000000e+000  0.000000e+000  0.000000e+000  0.000000e+000  0.000000e+000  0.000000e+000  0.000000e+000  0.000000e+000  0.000000e+000  0.000000e+000  0.000000e+000  0.000000e+000  0.000000e+000  0.000000e+000  0.000000e+000  0.000000e+000  0.000000e+000  0.000000e+000  0.000000e+000  0.000000e+000  0.000000e+000  0.000000e+000  0.000000e+000  0.000000e+000  
0.000000e+000  0.000000e+000  0.000000e+000  0.000000e+000  0.000000e+000  0.000000e+000  0.000000e+000  0.000000e+000  0.000000e+000  0.000000e+000  0.000000e+000  0.000000e+000  0.000000e+000  0.000000e+000  0.000000e+000  0.000000e+000  0.000000e+000  0.000000e+000  0.000000e+000  0.000000e+000  0.000000e+000  0.000000e+000  0.000000e+000  0.000000e+000  0.000000e+000  
0.000000e+000  0.000000e+000  0.000000e+000  0.000000e+000  0.000000e+000  0.000000e+000  0.000000e+000  0.000000e+000  0.000000e+000  0.000000e+000  0.000000e+000  0.000000e+000  0.000000e+000  0.000000e+000  0.000000e+000  0.000000e+000  0.000000e+000  0.000000e+000  0.000000e+000  0.000000e+000  0.000000e+000  0.000000e+000  0.000000e+000  0.000000e+000  0.000000e+000  

0.000000e+000  0.000000e+000  0.000000e+000  0.000000e+000  0.000000e+000  0.000000e+000  0.000000e+000  0.000000e+000  0.000000e+000  0.000000e+000  0.000000e+000  0.000000e+000  0.000000e+000  0.000000e+000  0.000000e+000  0.000000e+000  0.000000e+000  0.000000e+000  0.000000e+000  0.000000e+000  0.000000e+000  0.000000e+000  0.000000e+000  0.000000e+000  0.000000e+000  
0.000000e+000  0.000000e+000  0.000000e+000  0.000000e+000  0.000000e+000  0.000000e+000  0.000000e+000  0.000000e+000  0.000000e+000  0.000000e+000  0.000000e+000  0.000000e+000  0.000000e+000  0.000000e+000  0.000000e+000  0.000000e+000  0.000000e+000  0.000000e+000  0.000000e+000  0.000000e+000  0.000000e+000  0.000000e+000  0.000000e+000  0.000000e+000  0.000000e+000  
0.000000e+000  0.000000e+000  0.000000e+000  0.000000e+000  0.000000e+000  0.000000e+000  0.000000e+000  0.000000e+000  0.000000e+000  0.000000e+000  0.000000e+000  0.000000e+000  0.000000e+000  0.000000e+000  0.000000e+000  0.000000e+000  0.000000e+000  0.000000e+000  0.000000e+000  0.000000e+000  0.000000e+000  0.000000e+000  0.000000e+000  0.000000e+000  0.000000e+000  
0.000000e+000  0.000000e+000  0.000000e+000  0.000000e+000  0.000000e+000  0.000000e+000  0.000000e+000  0.000000e+000  0.000000e+000  0.000000e+000  0.000000e+000  0.000000e+000  0.000000e+000  0.000000e+000  0.000000e+000  0.000000e+000  0.000000e+000  0.000000e+000  0.000000e+000  0.000000e+000  0.000000e+000  0.000000e+000  0.000000e+000  0.000000e+000  0.000000e+000  
0.000000e+000  0.000000e+000  0.000000e+000  0.000000e+000  0.000000e+000  0.000000e+000  0.000000e+000  0.000000e+000  0.000000e+000  0.000000e+000  0.000000e+000  0.000000e+000  0.000000e+000  0.000000e+000  0.000000e+000  0.000000e+000  0.000000e+000  0.000000e+000  0.000000e+000  0.000000e+000  0.000000e+000  0.000000e+000  0.000000e+000  0.000000e+000  0.000000e+000  
0.000000e+000  0.000000e+000  0.000000e+000  0.000000e+000  0.000000e+000  0.000000e+000  0.000000e+000  0.000000e+000  0.000000e+000  0.000000e+000  0.000000e+000  0.000000e+000  0.000000e+000  0.000000e+000  0.000000e+000  0.000000e+000  0.000000e+000  0.000000e+000  0.000000e+000  0.000000e+000  0.000000e+000  0.000000e+000  0.000000e+000  0.000000e+000  0.000000e+000  
0.000000e+000  0.000000e+000  0.000000e+000  0.000000e+000  0.000000e+000  0.000000e+000  0.000000e+000  0.000000e+000  0.000000e+000  0.000000e+000  0.000000e+000  0.000000e+000  0.000000e+000  0.000000e+000  0.000000e+000  0.000000e+000  0.000000e+000  0.000000e+000  0.000000e+000  0.000000e+000  0.000000e+000  0.000000e+000  0.000000e+000  0.000000e+000  0.000000e+000  
0.000000e+000  0.000000e+000  0.000000e+000  0.000000e+000  0.000000e+000  0.000000e+000  0.000000e+000  0.000000e+000  0.000000e+000  0.000000e+000  0.000000e+000  0.000000e+000  0.000000e+000  0.000000e+000  0.000000e+000  0.000000e+000  0.000000e+000  0.000000e+000  0.000000e+000  0.000000e+000  0.000000e+000  0.000000e+000  0.000000e+000  0.000000e+000  0.000000e+000  
0.000000e+000  0.000000e+000  0.000000e+000  0.000000e+000  0.000000e+000  0.000000e+000  0.000000e+000  0.000000e+000  0.000000e+000  0.000000e+000  0.000000e+000  0.000000e+000  0.000000e+000  0.000000e+000  0.000000e+000  0.000000e+000  0.000000e+000  0.000000e+000  0.000000e+000  0.000000e+000  0.000000e+000  0.000000e+000  0.000000e+000  0.000000e+000  0.000000e+000  
0.000000e+000  0.000000e+000  0.000000e+000  0.000000e+000  0.000000e+000  0.000000e+000  0.000000e+000  0.000000e+000  0.000000e+000  0.000000e+000  0.000000e+000  0.000000e+000  0.000000e+000  0.000000e+000  0.000000e+000  0.000000e+000  0.000000e+000  0.000000e+000  0.000000e+000  0.000000e+000  0.000000e+000  0.000000e+000  0.000000e+000  0.000000e+000  0.000000e+000  
0.000000e+000  0.000000e+000  0.000000e+000  0.000000e+000  0.000000e+000  0.000000e+000  0.000000e+000  0.000000e+000  0.000000e+000  0.000000e+000  0.000000e+000  0.000000e+000  0.000000e+000  0.000000e+000  0.000000e+000  0.000000e+000  0.000000e+000  0.000000e+000  0.000000e+000  0.000000e+000  0.000000e+000  0.000000e+000  0.000000e+000  0.000000e+000  0.000000e+000  

0.000000e+000  0.000000e+000  0.000000e+000  0.000000e+000  0.000000e+000  0.000000e+000  0.000000e+000  0.000000e+000  0.000000e+000  0.000000e+000  0.000000e+000  0.000000e+000  0.000000e+000  0.000000e+000  0.000000e+000  0.000000e+000  0.000000e+000  0.000000e+000  0.000000e+000  0.000000e+000  0.000000e+000  0.000000e+000  0.000000e+000  0.000000e+000  0.000000e+000  
0.000000e+000  3.035743e-007  1.705948e-007  3.318200e-006  2.231705e-006  -1.005874e-005  -1.158969e-005  8.610135e-007  -1.533323e-006  -9.220154e-006  -1.166494e-007  2.373853e-007  -7.577820e-007  1.447647e-006  -5.384358e-007  -6.456964e-006  -2.197994e-006  -1.924276e-006  -1.046889e-005  -1.001576e-005  3.895018e-006  1.897848e-006  -5.753733e-007  7.771482e-007  0.000000e+000  
0.000000e+000  -1.957485e-006  -5.523330e-006  -8.837068e-006  -7.511939e-006  -7.828037e-006  -2.387583e-006  6.458123e-006  1.066841e-005  1.398094e-005  1.967191e-005  2.296043e-005  2.432456e-005  2.299448e-005  1.961147e-005  1.370454e-005  1.086521e-005  6.930748e-006  -2.399900e-006  -7.703909e-006  -7.644305e-006  -8.788699e-006  -5.386118e-006  -2.039345e-006  0.000000e+000  
0.000000e+000  -3.474236e-006  -9.897797e-006  -2.292497e-005  -1.805858e-005  -8.606334e-006  3.166211e-006  1.736060e-005  2.573844e-005  3.317297e-005  4.257828e-005  4.850785e-005  5.064984e-005  4.884192e-005  4.263813e-005  3.307966e-005  2.565638e-005  1.712066e-005  3.014604e-006  -8.743633e-006  -1.794479e-005  -2.289696e-005  -1.013465e-005  -3.455004e-006  0.000000e+000  
0.000000e+000  -3.962570e-006  -1.292246e-005  -4.172583e-005  -3.312614e-005  -1.214385e-005  6.056298e-006  2.817210e-005  4.429893e-005  5.420736e-005  6.902198e-005  7.761281e-005  8.039491e-005  7.782061e-005  6.904141e-005  5.428022e-005  4.424135e-005  2.810948e-005  6.234833e-006  -1.217003e-005  -3.308410e-005  -4.183992e-005  -1.303013e-005  -3.946182e-006  0.000000e+000  
0.000000e+000  -1.818892e-007  -2.031793e-006  -5.769327e-006  2.137452e-005  2.899236e-005  4.553240e-005  7.093508e-005  7.444572e-005  8.488183e-005  1.054839e-004  1.168151e-004  1.203523e-004  1.167103e-004  1.054785e-004  8.504222e-005  7.442760e-005  7.088348e-005  4.543634e-005  2.896298e-005  2.148706e-005  -5.868907e-006  -2.027835e-006  -1.159262e-007  0.000000e+000  
0.000000e+000  1.491525e-006  3.584664e-006  8.723420e-006  2.256979e-005  3.144722e-005  4.184153e-005  5.302372e-005  5.920193e-005  6.525936e-005  7.370360e-005  7.944490e-005  8.134108e-005  7.954679e-005  7.373782e-005  6.519613e-005  5.926666e-005  5.313715e-005  4.189441e-005  3.167969e-005  2.253756e-005  8.692254e-006  3.525855e-006  1.437018e-006  0.000000e+000  
0.000000e+000  2.309377e-006  5.740922e-006  1.161403e-005  2.048189e-005  2.644409e-005  3.296991e-005  3.940034e-005  4.304717e-005  4.645947e-005  5.093502e-005  5.385005e-005  5.495641e-005  5.384175e-005  5.068617e-005  4.654020e-005  4.315986e-005  3.929670e-005  3.290243e-005  2.668124e-005  2.052308e-005  1.160891e-005  5.734419e-006  2.291003e-006  0.000000e+000  
0.000000e+000  2.274995e-006  5.261383e-006  9.648309e-006  1.508976e-005  1.862789e-005  2.238888e-005  2.602179e-005  2.812654e-005  2.996342e-005  3.223393e-005  3.393946e-005  3.439866e-005  3.381623e-005  3.224867e-005  2.999231e-005  2.810107e-005  2.606435e-005  2.247295e-005  1.880916e-005  1.515439e-005  9.646302e-006  5.283626e-006  2.206080e-006  0.000000e+000  
0.000000e+000  1.292285e-006  2.946138e-006  5.318714e-006  7.889650e-006  9.762148e-006  1.122680e-005  1.289977e-005  1.392160e-005  1.477263e-005  1.558240e-005  1.657049e-005  1.660380e-005  1.651901e-005  1.561853e-005  1.475538e-005  1.391869e-005  1.293977e-005  1.131497e-005  9.820450e-006  7.957210e-006  5.268679e-006  2.963527e-006  1.271874e-006  0.000000e+000  
0.000000e+000  0.000000e+000  0.000000e+000  0.000000e+000  0.000000e+000  0.000000e+000  0.000000e+000  0.000000e+000  0.000000e+000  0.000000e+000  0.000000e+000  0.000000e+000  0.000000e+000  0.000000e+000  0.000000e+000  0.000000e+000  0.000000e+000  0.000000e+000  0.000000e+000  0.000000e+000  0.000000e+000  0.000000e+000  0.000000e+000  0.000000e+000  0.000000e+000  

