Port monitor named: Port1_h1[35].prt

nx        = 25
ny        = 11
nz        = 51

nu        = 25
nv        = 11
iu        = 1
iv        = 1

idir      = 2
dcut      = 0.000000e+000
icut      = 1
type      = 1
frequency = 3.500000e+010

fcutoff   = 2.102660e+010
alpha     = 0.000000e+000
beta      = 5.863850e+002
accuracy  = 7.740555e-011

type          = TE
wave imp.     = 4.712756e+002
wave imp.sig. = 1.050653e-005
line imp.     = 0.000000e+000

ref. port     = 0

0.000000e+000  -2.661118e+000  -5.208676e+000  -7.533962e+000  -9.354116e+000  -1.025214e+001  -1.103317e+001  -1.168830e+001  -1.202688e+001  -1.231290e+001  -1.265090e+001  -1.285514e+001  -1.292346e+001  -1.285514e+001  -1.265090e+001  -1.231290e+001  -1.202688e+001  -1.168830e+001  -1.103317e+001  -1.025214e+001  -9.354116e+000  -7.533962e+000  -5.208677e+000  -2.661118e+000  0.000000e+000  
0.000000e+000  -2.661118e+000  -5.208677e+000  -7.533962e+000  -9.354116e+000  -1.025214e+001  -1.103317e+001  -1.168830e+001  -1.202688e+001  -1.231290e+001  -1.265090e+001  -1.285514e+001  -1.292346e+001  -1.285514e+001  -1.265090e+001  -1.231290e+001  -1.202688e+001  -1.168830e+001  -1.103317e+001  -1.025214e+001  -9.354116e+000  -7.533962e+000  -5.208677e+000  -2.661118e+000  0.000000e+000  
0.000000e+000  -2.661118e+000  -5.208677e+000  -7.533962e+000  -9.354116e+000  -1.025214e+001  -1.103317e+001  -1.168830e+001  -1.202688e+001  -1.231290e+001  -1.265090e+001  -1.285514e+001  -1.292346e+001  -1.285514e+001  -1.265090e+001  -1.231290e+001  -1.202688e+001  -1.168830e+001  -1.103317e+001  -1.025214e+001  -9.354116e+000  -7.533962e+000  -5.208677e+000  -2.661118e+000  0.000000e+000  
0.000000e+000  -2.661118e+000  -5.208677e+000  -7.533962e+000  -9.354116e+000  -1.025214e+001  -1.103317e+001  -1.168830e+001  -1.202688e+001  -1.231290e+001  -1.265090e+001  -1.285514e+001  -1.292346e+001  -1.285514e+001  -1.265090e+001  -1.231290e+001  -1.202688e+001  -1.168830e+001  -1.103317e+001  -1.025214e+001  -9.354116e+000  -7.533962e+000  -5.208677e+000  -2.661118e+000  0.000000e+000  
0.000000e+000  -2.661118e+000  -5.208677e+000  -7.533962e+000  -9.354116e+000  -1.025214e+001  -1.103317e+001  -1.168830e+001  -1.202688e+001  -1.231290e+001  -1.265090e+001  -1.285514e+001  -1.292346e+001  -1.285514e+001  -1.265090e+001  -1.231290e+001  -1.202688e+001  -1.168830e+001  -1.103317e+001  -1.025214e+001  -9.354116e+000  -7.533962e+000  -5.208677e+000  -2.661118e+000  0.000000e+000  
0.000000e+000  -2.661118e+000  -5.208677e+000  -7.533962e+000  -9.354116e+000  -1.025214e+001  -1.103317e+001  -1.168830e+001  -1.202688e+001  -1.231290e+001  -1.265090e+001  -1.285514e+001  -1.292346e+001  -1.285514e+001  -1.265090e+001  -1.231290e+001  -1.202688e+001  -1.168830e+001  -1.103317e+001  -1.025214e+001  -9.354116e+000  -7.533962e+000  -5.208677e+000  -2.661118e+000  0.000000e+000  
0.000000e+000  -2.661118e+000  -5.208677e+000  -7.533962e+000  -9.354116e+000  -1.025214e+001  -1.103317e+001  -1.168830e+001  -1.202688e+001  -1.231290e+001  -1.265090e+001  -1.285514e+001  -1.292346e+001  -1.285514e+001  -1.265090e+001  -1.231290e+001  -1.202688e+001  -1.168830e+001  -1.103317e+001  -1.025214e+001  -9.354116e+000  -7.533962e+000  -5.208677e+000  -2.661118e+000  0.000000e+000  
0.000000e+000  -2.661118e+000  -5.208677e+000  -7.533962e+000  -9.354116e+000  -1.025214e+001  -1.103317e+001  -1.168830e+001  -1.202688e+001  -1.231290e+001  -1.265090e+001  -1.285514e+001  -1.292346e+001  -1.285514e+001  -1.265090e+001  -1.231290e+001  -1.202688e+001  -1.168830e+001  -1.103317e+001  -1.025214e+001  -9.354116e+000  -7.533962e+000  -5.208677e+000  -2.661118e+000  0.000000e+000  
0.000000e+000  -2.661118e+000  -5.208677e+000  -7.533962e+000  -9.354116e+000  -1.025214e+001  -1.103317e+001  -1.168830e+001  -1.202688e+001  -1.231290e+001  -1.265090e+001  -1.285514e+001  -1.292346e+001  -1.285514e+001  -1.265090e+001  -1.231290e+001  -1.202688e+001  -1.168830e+001  -1.103317e+001  -1.025214e+001  -9.354116e+000  -7.533962e+000  -5.208677e+000  -2.661118e+000  0.000000e+000  
0.000000e+000  -2.661118e+000  -5.208677e+000  -7.533962e+000  -9.354116e+000  -1.025214e+001  -1.103317e+001  -1.168830e+001  -1.202688e+001  -1.231290e+001  -1.265090e+001  -1.285514e+001  -1.292346e+001  -1.285514e+001  -1.265090e+001  -1.231290e+001  -1.202688e+001  -1.168830e+001  -1.103317e+001  -1.025214e+001  -9.354116e+000  -7.533962e+000  -5.208677e+000  -2.661118e+000  0.000000e+000  
0.000000e+000  0.000000e+000  0.000000e+000  0.000000e+000  0.000000e+000  0.000000e+000  0.000000e+000  0.000000e+000  0.000000e+000  0.000000e+000  0.000000e+000  0.000000e+000  0.000000e+000  0.000000e+000  0.000000e+000  0.000000e+000  0.000000e+000  0.000000e+000  0.000000e+000  0.000000e+000  0.000000e+000  0.000000e+000  0.000000e+000  0.000000e+000  0.000000e+000  

0.000000e+000  0.000000e+000  0.000000e+000  0.000000e+000  0.000000e+000  0.000000e+000  0.000000e+000  0.000000e+000  0.000000e+000  0.000000e+000  0.000000e+000  0.000000e+000  0.000000e+000  0.000000e+000  0.000000e+000  0.000000e+000  0.000000e+000  0.000000e+000  0.000000e+000  0.000000e+000  0.000000e+000  0.000000e+000  0.000000e+000  0.000000e+000  0.000000e+000  
-1.335767e-008  -4.222798e-008  2.711744e-008  -3.614776e-008  -3.645459e-008  -4.867048e-008  1.185389e-007  -1.340460e-007  9.307805e-008  -9.078353e-008  -7.509215e-009  8.972972e-009  1.587750e-008  -8.947944e-009  6.317331e-009  2.134454e-008  5.549758e-008  -3.053557e-008  -6.387659e-009  6.614700e-008  3.575836e-009  1.739023e-008  2.046937e-008  1.394449e-008  0.000000e+000  
-4.963288e-008  -5.109854e-008  -4.764180e-008  -5.131093e-009  -5.619577e-009  4.460035e-008  6.175955e-008  2.228216e-008  2.827443e-008  1.760294e-008  1.752609e-008  1.072777e-009  -2.596431e-009  -1.233323e-008  -1.341729e-008  -3.781060e-008  -2.947632e-008  -6.072626e-008  -3.888787e-008  1.914670e-009  7.530409e-009  4.415576e-008  5.386448e-008  4.834707e-008  0.000000e+000  
-7.639392e-008  -8.433662e-008  -1.028726e-007  2.038909e-009  5.394509e-008  8.331037e-008  1.190979e-007  1.105388e-007  6.054433e-008  3.808593e-008  2.180266e-008  5.154523e-009  -1.033137e-008  -2.311156e-008  -2.794939e-008  -7.286327e-008  -1.040603e-007  -1.210467e-007  -8.758403e-008  -5.202989e-008  1.462421e-009  1.040919e-007  8.246776e-008  7.659212e-008  0.000000e+000  
-9.991613e-008  -1.148909e-007  -1.864813e-007  1.359394e-008  1.109331e-007  1.278445e-007  2.371265e-007  2.151482e-007  9.149694e-008  3.007840e-008  3.605599e-008  1.922451e-008  -1.649560e-008  -3.884987e-008  -3.364059e-008  -8.250817e-008  -2.166860e-007  -2.370061e-007  -1.274634e-007  -1.106521e-007  -1.429285e-008  1.884503e-007  1.134827e-007  9.932857e-008  0.000000e+000  
-2.195187e-007  -2.022510e-007  -1.509539e-007  7.319673e-009  5.292317e-008  1.230042e-007  1.894823e-007  1.655234e-007  1.690402e-007  2.440281e-007  1.318025e-007  3.414143e-008  -3.512014e-008  -1.290426e-007  -2.536897e-007  -1.591027e-007  -1.574607e-007  -1.930363e-007  -1.284083e-007  -4.445112e-008  -8.314202e-009  1.511571e-007  2.020586e-007  2.190776e-007  0.000000e+000  
-1.553502e-007  -1.345763e-007  -8.941901e-008  -1.382006e-008  2.631186e-008  6.143618e-008  8.746817e-008  8.689503e-008  8.472289e-008  9.012617e-008  6.273242e-008  1.504806e-008  -1.900526e-008  -5.544288e-008  -9.387487e-008  -9.020369e-008  -8.715337e-008  -8.400953e-008  -6.123318e-008  -2.779493e-008  1.511675e-008  8.970374e-008  1.356106e-007  1.538702e-007  0.000000e+000  
-1.049865e-007  -8.739248e-008  -5.781267e-008  -1.740260e-008  9.608494e-009  2.689253e-008  3.457846e-008  4.198943e-008  4.172459e-008  3.558451e-008  2.778287e-008  5.407647e-009  -6.083507e-009  -2.915779e-008  -3.260064e-008  -4.269809e-008  -4.642929e-008  -3.305725e-008  -2.398404e-008  -1.108086e-008  1.717252e-008  5.785469e-008  8.921989e-008  1.028407e-007  0.000000e+000  
-6.350669e-008  -5.407642e-008  -3.624241e-008  -1.312508e-008  -1.620896e-009  8.745416e-009  1.707047e-008  1.568961e-008  1.121797e-008  1.370826e-008  1.775194e-008  -3.670610e-010  -3.568935e-009  -8.640484e-009  -1.478739e-008  -2.114518e-008  -2.020782e-008  -9.410539e-009  -1.412688e-008  3.937960e-009  1.350203e-008  3.677923e-008  5.370797e-008  6.281954e-008  0.000000e+000  
-3.013587e-008  -2.691424e-008  -1.658378e-008  -7.054652e-009  -5.658636e-009  8.481112e-009  -1.392709e-009  7.223316e-009  9.480511e-009  7.503967e-009  6.518606e-010  4.527308e-009  -3.999817e-010  -8.030231e-009  -7.298924e-009  -4.099269e-009  -4.728678e-009  -7.297577e-009  6.217126e-010  2.119226e-009  8.143317e-009  1.722261e-008  2.523615e-008  3.046236e-008  0.000000e+000  
0.000000e+000  0.000000e+000  0.000000e+000  0.000000e+000  0.000000e+000  0.000000e+000  0.000000e+000  0.000000e+000  0.000000e+000  0.000000e+000  0.000000e+000  0.000000e+000  0.000000e+000  0.000000e+000  0.000000e+000  0.000000e+000  0.000000e+000  0.000000e+000  0.000000e+000  0.000000e+000  0.000000e+000  0.000000e+000  0.000000e+000  0.000000e+000  0.000000e+000  

0.000000e+000  0.000000e+000  0.000000e+000  0.000000e+000  0.000000e+000  0.000000e+000  0.000000e+000  0.000000e+000  0.000000e+000  0.000000e+000  0.000000e+000  0.000000e+000  0.000000e+000  0.000000e+000  0.000000e+000  0.000000e+000  0.000000e+000  0.000000e+000  0.000000e+000  0.000000e+000  0.000000e+000  0.000000e+000  0.000000e+000  0.000000e+000  0.000000e+000  
0.000000e+000  0.000000e+000  0.000000e+000  0.000000e+000  0.000000e+000  0.000000e+000  0.000000e+000  0.000000e+000  0.000000e+000  0.000000e+000  0.000000e+000  0.000000e+000  0.000000e+000  0.000000e+000  0.000000e+000  0.000000e+000  0.000000e+000  0.000000e+000  0.000000e+000  0.000000e+000  0.000000e+000  0.000000e+000  0.000000e+000  0.000000e+000  0.000000e+000  
0.000000e+000  0.000000e+000  0.000000e+000  0.000000e+000  0.000000e+000  0.000000e+000  0.000000e+000  0.000000e+000  0.000000e+000  0.000000e+000  0.000000e+000  0.000000e+000  0.000000e+000  0.000000e+000  0.000000e+000  0.000000e+000  0.000000e+000  0.000000e+000  0.000000e+000  0.000000e+000  0.000000e+000  0.000000e+000  0.000000e+000  0.000000e+000  0.000000e+000  
0.000000e+000  0.000000e+000  0.000000e+000  0.000000e+000  0.000000e+000  0.000000e+000  0.000000e+000  0.000000e+000  0.000000e+000  0.000000e+000  0.000000e+000  0.000000e+000  0.000000e+000  0.000000e+000  0.000000e+000  0.000000e+000  0.000000e+000  0.000000e+000  0.000000e+000  0.000000e+000  0.000000e+000  0.000000e+000  0.000000e+000  0.000000e+000  0.000000e+000  
0.000000e+000  0.000000e+000  0.000000e+000  0.000000e+000  0.000000e+000  0.000000e+000  0.000000e+000  0.000000e+000  0.000000e+000  0.000000e+000  0.000000e+000  0.000000e+000  0.000000e+000  0.000000e+000  0.000000e+000  0.000000e+000  0.000000e+000  0.000000e+000  0.000000e+000  0.000000e+000  0.000000e+000  0.000000e+000  0.000000e+000  0.000000e+000  0.000000e+000  
0.000000e+000  0.000000e+000  0.000000e+000  0.000000e+000  0.000000e+000  0.000000e+000  0.000000e+000  0.000000e+000  0.000000e+000  0.000000e+000  0.000000e+000  0.000000e+000  0.000000e+000  0.000000e+000  0.000000e+000  0.000000e+000  0.000000e+000  0.000000e+000  0.000000e+000  0.000000e+000  0.000000e+000  0.000000e+000  0.000000e+000  0.000000e+000  0.000000e+000  
0.000000e+000  0.000000e+000  0.000000e+000  0.000000e+000  0.000000e+000  0.000000e+000  0.000000e+000  0.000000e+000  0.000000e+000  0.000000e+000  0.000000e+000  0.000000e+000  0.000000e+000  0.000000e+000  0.000000e+000  0.000000e+000  0.000000e+000  0.000000e+000  0.000000e+000  0.000000e+000  0.000000e+000  0.000000e+000  0.000000e+000  0.000000e+000  0.000000e+000  
0.000000e+000  0.000000e+000  0.000000e+000  0.000000e+000  0.000000e+000  0.000000e+000  0.000000e+000  0.000000e+000  0.000000e+000  0.000000e+000  0.000000e+000  0.000000e+000  0.000000e+000  0.000000e+000  0.000000e+000  0.000000e+000  0.000000e+000  0.000000e+000  0.000000e+000  0.000000e+000  0.000000e+000  0.000000e+000  0.000000e+000  0.000000e+000  0.000000e+000  
0.000000e+000  0.000000e+000  0.000000e+000  0.000000e+000  0.000000e+000  0.000000e+000  0.000000e+000  0.000000e+000  0.000000e+000  0.000000e+000  0.000000e+000  0.000000e+000  0.000000e+000  0.000000e+000  0.000000e+000  0.000000e+000  0.000000e+000  0.000000e+000  0.000000e+000  0.000000e+000  0.000000e+000  0.000000e+000  0.000000e+000  0.000000e+000  0.000000e+000  
0.000000e+000  0.000000e+000  0.000000e+000  0.000000e+000  0.000000e+000  0.000000e+000  0.000000e+000  0.000000e+000  0.000000e+000  0.000000e+000  0.000000e+000  0.000000e+000  0.000000e+000  0.000000e+000  0.000000e+000  0.000000e+000  0.000000e+000  0.000000e+000  0.000000e+000  0.000000e+000  0.000000e+000  0.000000e+000  0.000000e+000  0.000000e+000  0.000000e+000  
0.000000e+000  0.000000e+000  0.000000e+000  0.000000e+000  0.000000e+000  0.000000e+000  0.000000e+000  0.000000e+000  0.000000e+000  0.000000e+000  0.000000e+000  0.000000e+000  0.000000e+000  0.000000e+000  0.000000e+000  0.000000e+000  0.000000e+000  0.000000e+000  0.000000e+000  0.000000e+000  0.000000e+000  0.000000e+000  0.000000e+000  0.000000e+000  0.000000e+000  

0.000000e+000  0.000000e+000  0.000000e+000  0.000000e+000  0.000000e+000  0.000000e+000  0.000000e+000  0.000000e+000  0.000000e+000  0.000000e+000  0.000000e+000  0.000000e+000  0.000000e+000  0.000000e+000  0.000000e+000  0.000000e+000  0.000000e+000  0.000000e+000  0.000000e+000  0.000000e+000  0.000000e+000  0.000000e+000  0.000000e+000  0.000000e+000  0.000000e+000  
0.000000e+000  0.000000e+000  0.000000e+000  0.000000e+000  0.000000e+000  0.000000e+000  0.000000e+000  0.000000e+000  0.000000e+000  0.000000e+000  0.000000e+000  0.000000e+000  0.000000e+000  0.000000e+000  0.000000e+000  0.000000e+000  0.000000e+000  0.000000e+000  0.000000e+000  0.000000e+000  0.000000e+000  0.000000e+000  0.000000e+000  0.000000e+000  0.000000e+000  
0.000000e+000  0.000000e+000  0.000000e+000  0.000000e+000  0.000000e+000  0.000000e+000  0.000000e+000  0.000000e+000  0.000000e+000  0.000000e+000  0.000000e+000  0.000000e+000  0.000000e+000  0.000000e+000  0.000000e+000  0.000000e+000  0.000000e+000  0.000000e+000  0.000000e+000  0.000000e+000  0.000000e+000  0.000000e+000  0.000000e+000  0.000000e+000  0.000000e+000  
0.000000e+000  0.000000e+000  0.000000e+000  0.000000e+000  0.000000e+000  0.000000e+000  0.000000e+000  0.000000e+000  0.000000e+000  0.000000e+000  0.000000e+000  0.000000e+000  0.000000e+000  0.000000e+000  0.000000e+000  0.000000e+000  0.000000e+000  0.000000e+000  0.000000e+000  0.000000e+000  0.000000e+000  0.000000e+000  0.000000e+000  0.000000e+000  0.000000e+000  
0.000000e+000  0.000000e+000  0.000000e+000  0.000000e+000  0.000000e+000  0.000000e+000  0.000000e+000  0.000000e+000  0.000000e+000  0.000000e+000  0.000000e+000  0.000000e+000  0.000000e+000  0.000000e+000  0.000000e+000  0.000000e+000  0.000000e+000  0.000000e+000  0.000000e+000  0.000000e+000  0.000000e+000  0.000000e+000  0.000000e+000  0.000000e+000  0.000000e+000  
0.000000e+000  0.000000e+000  0.000000e+000  0.000000e+000  0.000000e+000  0.000000e+000  0.000000e+000  0.000000e+000  0.000000e+000  0.000000e+000  0.000000e+000  0.000000e+000  0.000000e+000  0.000000e+000  0.000000e+000  0.000000e+000  0.000000e+000  0.000000e+000  0.000000e+000  0.000000e+000  0.000000e+000  0.000000e+000  0.000000e+000  0.000000e+000  0.000000e+000  
0.000000e+000  0.000000e+000  0.000000e+000  0.000000e+000  0.000000e+000  0.000000e+000  0.000000e+000  0.000000e+000  0.000000e+000  0.000000e+000  0.000000e+000  0.000000e+000  0.000000e+000  0.000000e+000  0.000000e+000  0.000000e+000  0.000000e+000  0.000000e+000  0.000000e+000  0.000000e+000  0.000000e+000  0.000000e+000  0.000000e+000  0.000000e+000  0.000000e+000  
0.000000e+000  0.000000e+000  0.000000e+000  0.000000e+000  0.000000e+000  0.000000e+000  0.000000e+000  0.000000e+000  0.000000e+000  0.000000e+000  0.000000e+000  0.000000e+000  0.000000e+000  0.000000e+000  0.000000e+000  0.000000e+000  0.000000e+000  0.000000e+000  0.000000e+000  0.000000e+000  0.000000e+000  0.000000e+000  0.000000e+000  0.000000e+000  0.000000e+000  
0.000000e+000  0.000000e+000  0.000000e+000  0.000000e+000  0.000000e+000  0.000000e+000  0.000000e+000  0.000000e+000  0.000000e+000  0.000000e+000  0.000000e+000  0.000000e+000  0.000000e+000  0.000000e+000  0.000000e+000  0.000000e+000  0.000000e+000  0.000000e+000  0.000000e+000  0.000000e+000  0.000000e+000  0.000000e+000  0.000000e+000  0.000000e+000  0.000000e+000  
0.000000e+000  0.000000e+000  0.000000e+000  0.000000e+000  0.000000e+000  0.000000e+000  0.000000e+000  0.000000e+000  0.000000e+000  0.000000e+000  0.000000e+000  0.000000e+000  0.000000e+000  0.000000e+000  0.000000e+000  0.000000e+000  0.000000e+000  0.000000e+000  0.000000e+000  0.000000e+000  0.000000e+000  0.000000e+000  0.000000e+000  0.000000e+000  0.000000e+000  
0.000000e+000  0.000000e+000  0.000000e+000  0.000000e+000  0.000000e+000  0.000000e+000  0.000000e+000  0.000000e+000  0.000000e+000  0.000000e+000  0.000000e+000  0.000000e+000  0.000000e+000  0.000000e+000  0.000000e+000  0.000000e+000  0.000000e+000  0.000000e+000  0.000000e+000  0.000000e+000  0.000000e+000  0.000000e+000  0.000000e+000  0.000000e+000  0.000000e+000  

0.000000e+000  0.000000e+000  0.000000e+000  0.000000e+000  0.000000e+000  0.000000e+000  0.000000e+000  0.000000e+000  0.000000e+000  0.000000e+000  0.000000e+000  0.000000e+000  0.000000e+000  0.000000e+000  0.000000e+000  0.000000e+000  0.000000e+000  0.000000e+000  0.000000e+000  0.000000e+000  0.000000e+000  0.000000e+000  0.000000e+000  0.000000e+000  0.000000e+000  
0.000000e+000  0.000000e+000  0.000000e+000  0.000000e+000  0.000000e+000  0.000000e+000  0.000000e+000  0.000000e+000  0.000000e+000  0.000000e+000  0.000000e+000  0.000000e+000  0.000000e+000  0.000000e+000  0.000000e+000  0.000000e+000  0.000000e+000  0.000000e+000  0.000000e+000  0.000000e+000  0.000000e+000  0.000000e+000  0.000000e+000  0.000000e+000  0.000000e+000  
0.000000e+000  0.000000e+000  0.000000e+000  0.000000e+000  0.000000e+000  0.000000e+000  0.000000e+000  0.000000e+000  0.000000e+000  0.000000e+000  0.000000e+000  0.000000e+000  0.000000e+000  0.000000e+000  0.000000e+000  0.000000e+000  0.000000e+000  0.000000e+000  0.000000e+000  0.000000e+000  0.000000e+000  0.000000e+000  0.000000e+000  0.000000e+000  0.000000e+000  
0.000000e+000  0.000000e+000  0.000000e+000  0.000000e+000  0.000000e+000  0.000000e+000  0.000000e+000  0.000000e+000  0.000000e+000  0.000000e+000  0.000000e+000  0.000000e+000  0.000000e+000  0.000000e+000  0.000000e+000  0.000000e+000  0.000000e+000  0.000000e+000  0.000000e+000  0.000000e+000  0.000000e+000  0.000000e+000  0.000000e+000  0.000000e+000  0.000000e+000  
0.000000e+000  0.000000e+000  0.000000e+000  0.000000e+000  0.000000e+000  0.000000e+000  0.000000e+000  0.000000e+000  0.000000e+000  0.000000e+000  0.000000e+000  0.000000e+000  0.000000e+000  0.000000e+000  0.000000e+000  0.000000e+000  0.000000e+000  0.000000e+000  0.000000e+000  0.000000e+000  0.000000e+000  0.000000e+000  0.000000e+000  0.000000e+000  0.000000e+000  
0.000000e+000  0.000000e+000  0.000000e+000  0.000000e+000  0.000000e+000  0.000000e+000  0.000000e+000  0.000000e+000  0.000000e+000  0.000000e+000  0.000000e+000  0.000000e+000  0.000000e+000  0.000000e+000  0.000000e+000  0.000000e+000  0.000000e+000  0.000000e+000  0.000000e+000  0.000000e+000  0.000000e+000  0.000000e+000  0.000000e+000  0.000000e+000  0.000000e+000  
0.000000e+000  0.000000e+000  0.000000e+000  0.000000e+000  0.000000e+000  0.000000e+000  0.000000e+000  0.000000e+000  0.000000e+000  0.000000e+000  0.000000e+000  0.000000e+000  0.000000e+000  0.000000e+000  0.000000e+000  0.000000e+000  0.000000e+000  0.000000e+000  0.000000e+000  0.000000e+000  0.000000e+000  0.000000e+000  0.000000e+000  0.000000e+000  0.000000e+000  
0.000000e+000  0.000000e+000  0.000000e+000  0.000000e+000  0.000000e+000  0.000000e+000  0.000000e+000  0.000000e+000  0.000000e+000  0.000000e+000  0.000000e+000  0.000000e+000  0.000000e+000  0.000000e+000  0.000000e+000  0.000000e+000  0.000000e+000  0.000000e+000  0.000000e+000  0.000000e+000  0.000000e+000  0.000000e+000  0.000000e+000  0.000000e+000  0.000000e+000  
0.000000e+000  0.000000e+000  0.000000e+000  0.000000e+000  0.000000e+000  0.000000e+000  0.000000e+000  0.000000e+000  0.000000e+000  0.000000e+000  0.000000e+000  0.000000e+000  0.000000e+000  0.000000e+000  0.000000e+000  0.000000e+000  0.000000e+000  0.000000e+000  0.000000e+000  0.000000e+000  0.000000e+000  0.000000e+000  0.000000e+000  0.000000e+000  0.000000e+000  
0.000000e+000  0.000000e+000  0.000000e+000  0.000000e+000  0.000000e+000  0.000000e+000  0.000000e+000  0.000000e+000  0.000000e+000  0.000000e+000  0.000000e+000  0.000000e+000  0.000000e+000  0.000000e+000  0.000000e+000  0.000000e+000  0.000000e+000  0.000000e+000  0.000000e+000  0.000000e+000  0.000000e+000  0.000000e+000  0.000000e+000  0.000000e+000  0.000000e+000  
0.000000e+000  0.000000e+000  0.000000e+000  0.000000e+000  0.000000e+000  0.000000e+000  0.000000e+000  0.000000e+000  0.000000e+000  0.000000e+000  0.000000e+000  0.000000e+000  0.000000e+000  0.000000e+000  0.000000e+000  0.000000e+000  0.000000e+000  0.000000e+000  0.000000e+000  0.000000e+000  0.000000e+000  0.000000e+000  0.000000e+000  0.000000e+000  0.000000e+000  

-9.681064e+000  -9.267937e+000  -8.459313e+000  -7.347469e+000  -6.317623e+000  -5.494571e+000  -4.608816e+000  -3.849324e+000  -3.251869e+000  -2.470300e+000  -1.492705e+000  -4.993281e-001  4.993281e-001  1.492705e+000  2.470300e+000  3.251869e+000  3.849324e+000  4.608816e+000  5.494571e+000  6.317623e+000  7.347469e+000  8.459313e+000  9.267937e+000  9.681064e+000  0.000000e+000  
-9.681064e+000  -9.267937e+000  -8.459313e+000  -7.347469e+000  -6.317624e+000  -5.494571e+000  -4.608816e+000  -3.849324e+000  -3.251869e+000  -2.470300e+000  -1.492705e+000  -4.993281e-001  4.993281e-001  1.492705e+000  2.470300e+000  3.251869e+000  3.849324e+000  4.608816e+000  5.494571e+000  6.317624e+000  7.347469e+000  8.459313e+000  9.267937e+000  9.681064e+000  0.000000e+000  
-9.681064e+000  -9.267937e+000  -8.459313e+000  -7.347469e+000  -6.317624e+000  -5.494571e+000  -4.608816e+000  -3.849324e+000  -3.251869e+000  -2.470300e+000  -1.492705e+000  -4.993281e-001  4.993281e-001  1.492705e+000  2.470300e+000  3.251869e+000  3.849324e+000  4.608816e+000  5.494571e+000  6.317624e+000  7.347469e+000  8.459313e+000  9.267937e+000  9.681064e+000  0.000000e+000  
-9.681064e+000  -9.267937e+000  -8.459313e+000  -7.347469e+000  -6.317623e+000  -5.494571e+000  -4.608816e+000  -3.849324e+000  -3.251869e+000  -2.470300e+000  -1.492705e+000  -4.993281e-001  4.993281e-001  1.492705e+000  2.470300e+000  3.251869e+000  3.849324e+000  4.608816e+000  5.494571e+000  6.317623e+000  7.347469e+000  8.459313e+000  9.267937e+000  9.681064e+000  0.000000e+000  
-9.681064e+000  -9.267937e+000  -8.459313e+000  -7.347469e+000  -6.317623e+000  -5.494571e+000  -4.608816e+000  -3.849324e+000  -3.251869e+000  -2.470299e+000  -1.492705e+000  -4.993281e-001  4.993281e-001  1.492705e+000  2.470299e+000  3.251869e+000  3.849324e+000  4.608816e+000  5.494571e+000  6.317623e+000  7.347469e+000  8.459313e+000  9.267937e+000  9.681064e+000  0.000000e+000  
-9.681064e+000  -9.267937e+000  -8.459313e+000  -7.347469e+000  -6.317623e+000  -5.494571e+000  -4.608816e+000  -3.849324e+000  -3.251869e+000  -2.470299e+000  -1.492705e+000  -4.993281e-001  4.993281e-001  1.492705e+000  2.470299e+000  3.251869e+000  3.849324e+000  4.608816e+000  5.494571e+000  6.317623e+000  7.347469e+000  8.459313e+000  9.267937e+000  9.681064e+000  0.000000e+000  
-9.681064e+000  -9.267937e+000  -8.459313e+000  -7.347469e+000  -6.317623e+000  -5.494571e+000  -4.608816e+000  -3.849324e+000  -3.251869e+000  -2.470299e+000  -1.492705e+000  -4.993281e-001  4.993281e-001  1.492705e+000  2.470299e+000  3.251869e+000  3.849324e+000  4.608816e+000  5.494571e+000  6.317623e+000  7.347469e+000  8.459313e+000  9.267937e+000  9.681064e+000  0.000000e+000  
-9.681064e+000  -9.267937e+000  -8.459313e+000  -7.347469e+000  -6.317623e+000  -5.494570e+000  -4.608816e+000  -3.849324e+000  -3.251869e+000  -2.470299e+000  -1.492705e+000  -4.993281e-001  4.993281e-001  1.492705e+000  2.470299e+000  3.251869e+000  3.849324e+000  4.608816e+000  5.494570e+000  6.317623e+000  7.347469e+000  8.459313e+000  9.267937e+000  9.681064e+000  0.000000e+000  
-9.681064e+000  -9.267937e+000  -8.459313e+000  -7.347469e+000  -6.317623e+000  -5.494570e+000  -4.608816e+000  -3.849324e+000  -3.251869e+000  -2.470299e+000  -1.492705e+000  -4.993281e-001  4.993281e-001  1.492705e+000  2.470299e+000  3.251869e+000  3.849324e+000  4.608816e+000  5.494570e+000  6.317623e+000  7.347469e+000  8.459313e+000  9.267937e+000  9.681064e+000  0.000000e+000  
-9.681064e+000  -9.267937e+000  -8.459313e+000  -7.347469e+000  -6.317623e+000  -5.494570e+000  -4.608816e+000  -3.849324e+000  -3.251869e+000  -2.470299e+000  -1.492705e+000  -4.993281e-001  4.993281e-001  1.492705e+000  2.470299e+000  3.251869e+000  3.849324e+000  4.608816e+000  5.494570e+000  6.317623e+000  7.347469e+000  8.459313e+000  9.267937e+000  9.681064e+000  0.000000e+000  
0.000000e+000  0.000000e+000  0.000000e+000  0.000000e+000  0.000000e+000  0.000000e+000  0.000000e+000  0.000000e+000  0.000000e+000  0.000000e+000  0.000000e+000  0.000000e+000  0.000000e+000  0.000000e+000  0.000000e+000  0.000000e+000  0.000000e+000  0.000000e+000  0.000000e+000  0.000000e+000  0.000000e+000  0.000000e+000  0.000000e+000  0.000000e+000  0.000000e+000  

