Port monitor named: Port1_e1[35].prt

nx        = 25
ny        = 11
nz        = 51

nu        = 25
nv        = 11
iu        = 1
iv        = 1

idir      = 2
dcut      = 0.000000e+000
icut      = 1
type      = 0
frequency = 3.500000e+010

fcutoff   = 2.102660e+010
alpha     = 0.000000e+000
beta      = 5.863850e+002
accuracy  = 7.740555e-011

type          = TE
wave imp.     = 4.712756e+002
wave imp.sig. = 1.050653e-005
line imp.     = 0.000000e+000

ref. port     = 0

0.000000e+000  0.000000e+000  0.000000e+000  0.000000e+000  0.000000e+000  0.000000e+000  0.000000e+000  0.000000e+000  0.000000e+000  0.000000e+000  0.000000e+000  0.000000e+000  0.000000e+000  0.000000e+000  0.000000e+000  0.000000e+000  0.000000e+000  0.000000e+000  0.000000e+000  0.000000e+000  0.000000e+000  0.000000e+000  0.000000e+000  0.000000e+000  0.000000e+000  
-9.179151e-006  -8.595670e-006  -1.611393e-005  -1.628160e-006  6.832228e-005  5.561391e-006  -5.059234e-005  -3.418586e-005  7.665737e-005  -6.072989e-005  -6.812732e-006  -1.226760e-006  1.200487e-006  6.852604e-006  6.071831e-005  -7.668662e-005  3.411691e-005  5.059691e-005  -5.598696e-006  -6.827480e-005  1.629241e-006  1.613166e-005  8.587984e-006  9.184440e-006  0.000000e+000  
-1.593158e-005  -1.224844e-005  -9.088751e-006  -8.847307e-006  7.518761e-007  -1.798971e-005  -3.558049e-005  -3.136430e-005  -1.972982e-005  -3.676891e-005  -2.061778e-005  -6.477189e-006  6.483936e-006  2.060884e-005  3.674870e-005  1.971185e-005  3.136174e-005  3.563654e-005  1.802822e-005  -7.108909e-007  8.899779e-006  9.111900e-006  1.225862e-005  1.593301e-005  0.000000e+000  
-2.349248e-005  -1.561654e-005  -1.162966e-006  -1.997626e-005  -4.091598e-005  -4.255561e-005  -4.322212e-005  -5.023671e-005  -5.019026e-005  -5.244599e-005  -3.199271e-005  -1.039119e-005  1.038209e-005  3.201185e-005  5.252259e-005  5.023458e-005  5.028110e-005  4.324488e-005  4.257045e-005  4.094187e-005  2.002670e-005  1.201603e-006  1.562614e-005  2.349474e-005  0.000000e+000  
-3.291008e-005  -2.057676e-005  1.598325e-005  -2.799768e-005  -9.577959e-005  -6.754032e-005  -4.231098e-005  -8.291966e-005  -7.535636e-005  -9.284657e-005  -4.424118e-005  -1.326999e-005  1.327047e-005  4.424306e-005  9.285035e-005  7.537912e-005  8.293462e-005  4.232759e-005  6.758202e-005  9.583521e-005  2.805147e-005  -1.595310e-005  2.058999e-005  3.289819e-005  0.000000e+000  
-1.027331e-004  -8.874410e-005  -5.727665e-005  -1.059859e-004  -3.128401e-005  -5.527146e-005  -8.987607e-005  3.481987e-005  -4.231331e-005  -3.115035e-005  -2.181024e-005  -7.632423e-006  7.649864e-006  2.182694e-005  3.114384e-005  4.235082e-005  -3.477947e-005  8.988581e-005  5.525882e-005  3.132202e-005  1.060099e-004  5.731313e-005  8.875745e-005  1.027269e-004  0.000000e+000  
-7.824432e-005  -7.116109e-005  -6.077893e-005  -6.330632e-005  -4.848527e-005  -4.442999e-005  -3.997663e-005  -2.791853e-005  -2.538432e-005  -2.053666e-005  -1.317168e-005  -4.554963e-006  4.551574e-006  1.320005e-005  2.053106e-005  2.537635e-005  2.792361e-005  3.999629e-005  4.444492e-005  4.848828e-005  6.331376e-005  6.079381e-005  7.117087e-005  7.822739e-005  0.000000e+000  
-5.755975e-005  -5.388304e-005  -4.844568e-005  -4.438249e-005  -3.782100e-005  -3.314204e-005  -2.805516e-005  -2.315151e-005  -1.959863e-005  -1.504466e-005  -9.222008e-006  -3.135153e-006  3.110816e-006  9.203829e-006  1.504270e-005  1.958707e-005  2.313995e-005  2.806581e-005  3.315546e-005  3.782570e-005  4.436713e-005  4.843041e-005  5.387386e-005  5.750801e-005  0.000000e+000  
-3.811312e-005  -3.613309e-005  -3.285536e-005  -2.911483e-005  -2.517611e-005  -2.198594e-005  -1.851242e-005  -1.549317e-005  -1.312063e-005  -9.993459e-006  -6.039680e-006  -2.046298e-006  2.021661e-006  6.049972e-006  9.955555e-006  1.306169e-005  1.545128e-005  1.850914e-005  2.195735e-005  2.516456e-005  2.910917e-005  3.284176e-005  3.610194e-005  3.806179e-005  0.000000e+000  
-1.903608e-005  -1.813179e-005  -1.651839e-005  -1.451213e-005  -1.256675e-005  -1.094570e-005  -9.243277e-006  -7.720124e-006  -6.520168e-006  -4.960118e-006  -3.021349e-006  -1.010278e-006  9.846585e-007  2.967215e-006  4.936794e-006  6.512768e-006  7.708098e-006  9.217389e-006  1.098076e-005  1.256845e-005  1.452083e-005  1.650905e-005  1.807934e-005  1.897953e-005  0.000000e+000  
0.000000e+000  0.000000e+000  0.000000e+000  0.000000e+000  0.000000e+000  0.000000e+000  0.000000e+000  0.000000e+000  0.000000e+000  0.000000e+000  0.000000e+000  0.000000e+000  0.000000e+000  0.000000e+000  0.000000e+000  0.000000e+000  0.000000e+000  0.000000e+000  0.000000e+000  0.000000e+000  0.000000e+000  0.000000e+000  0.000000e+000  0.000000e+000  0.000000e+000  

0.000000e+000  1.254120e+003  2.454722e+003  3.550572e+003  4.408366e+003  4.831584e+003  5.199666e+003  5.508410e+003  5.667973e+003  5.802771e+003  5.962059e+003  6.058311e+003  6.090508e+003  6.058311e+003  5.962059e+003  5.802771e+003  5.667973e+003  5.508410e+003  5.199666e+003  4.831584e+003  4.408366e+003  3.550572e+003  2.454722e+003  1.254120e+003  0.000000e+000  
0.000000e+000  1.254120e+003  2.454722e+003  3.550572e+003  4.408367e+003  4.831584e+003  5.199666e+003  5.508410e+003  5.667974e+003  5.802771e+003  5.962060e+003  6.058311e+003  6.090509e+003  6.058311e+003  5.962060e+003  5.802771e+003  5.667974e+003  5.508410e+003  5.199666e+003  4.831584e+003  4.408367e+003  3.550572e+003  2.454722e+003  1.254120e+003  0.000000e+000  
0.000000e+000  1.254120e+003  2.454722e+003  3.550572e+003  4.408367e+003  4.831584e+003  5.199666e+003  5.508410e+003  5.667974e+003  5.802771e+003  5.962060e+003  6.058311e+003  6.090509e+003  6.058311e+003  5.962060e+003  5.802771e+003  5.667974e+003  5.508410e+003  5.199666e+003  4.831584e+003  4.408367e+003  3.550572e+003  2.454722e+003  1.254120e+003  0.000000e+000  
0.000000e+000  1.254120e+003  2.454722e+003  3.550572e+003  4.408367e+003  4.831584e+003  5.199666e+003  5.508410e+003  5.667974e+003  5.802771e+003  5.962060e+003  6.058311e+003  6.090509e+003  6.058311e+003  5.962060e+003  5.802771e+003  5.667974e+003  5.508410e+003  5.199666e+003  4.831584e+003  4.408367e+003  3.550572e+003  2.454722e+003  1.254120e+003  0.000000e+000  
0.000000e+000  1.254120e+003  2.454722e+003  3.550572e+003  4.408366e+003  4.831584e+003  5.199665e+003  5.508410e+003  5.667974e+003  5.802771e+003  5.962060e+003  6.058311e+003  6.090509e+003  6.058311e+003  5.962060e+003  5.802771e+003  5.667974e+003  5.508410e+003  5.199665e+003  4.831584e+003  4.408366e+003  3.550572e+003  2.454722e+003  1.254120e+003  0.000000e+000  
0.000000e+000  1.254120e+003  2.454722e+003  3.550572e+003  4.408366e+003  4.831584e+003  5.199665e+003  5.508410e+003  5.667973e+003  5.802771e+003  5.962059e+003  6.058311e+003  6.090508e+003  6.058311e+003  5.962059e+003  5.802771e+003  5.667973e+003  5.508410e+003  5.199665e+003  4.831584e+003  4.408366e+003  3.550572e+003  2.454722e+003  1.254120e+003  0.000000e+000  
0.000000e+000  1.254120e+003  2.454722e+003  3.550572e+003  4.408366e+003  4.831584e+003  5.199665e+003  5.508410e+003  5.667973e+003  5.802771e+003  5.962059e+003  6.058311e+003  6.090508e+003  6.058311e+003  5.962059e+003  5.802771e+003  5.667973e+003  5.508410e+003  5.199665e+003  4.831584e+003  4.408366e+003  3.550572e+003  2.454722e+003  1.254120e+003  0.000000e+000  
0.000000e+000  1.254120e+003  2.454722e+003  3.550572e+003  4.408366e+003  4.831584e+003  5.199665e+003  5.508410e+003  5.667973e+003  5.802771e+003  5.962059e+003  6.058311e+003  6.090508e+003  6.058311e+003  5.962059e+003  5.802771e+003  5.667973e+003  5.508410e+003  5.199665e+003  4.831584e+003  4.408366e+003  3.550572e+003  2.454722e+003  1.254120e+003  0.000000e+000  
0.000000e+000  1.254120e+003  2.454722e+003  3.550572e+003  4.408366e+003  4.831584e+003  5.199665e+003  5.508410e+003  5.667973e+003  5.802771e+003  5.962059e+003  6.058311e+003  6.090508e+003  6.058311e+003  5.962059e+003  5.802771e+003  5.667973e+003  5.508410e+003  5.199665e+003  4.831584e+003  4.408366e+003  3.550572e+003  2.454722e+003  1.254120e+003  0.000000e+000  
0.000000e+000  1.254120e+003  2.454722e+003  3.550572e+003  4.408366e+003  4.831584e+003  5.199665e+003  5.508410e+003  5.667973e+003  5.802771e+003  5.962059e+003  6.058311e+003  6.090508e+003  6.058311e+003  5.962059e+003  5.802771e+003  5.667973e+003  5.508410e+003  5.199665e+003  4.831584e+003  4.408366e+003  3.550572e+003  2.454722e+003  1.254120e+003  0.000000e+000  
0.000000e+000  0.000000e+000  0.000000e+000  0.000000e+000  0.000000e+000  0.000000e+000  0.000000e+000  0.000000e+000  0.000000e+000  0.000000e+000  0.000000e+000  0.000000e+000  0.000000e+000  0.000000e+000  0.000000e+000  0.000000e+000  0.000000e+000  0.000000e+000  0.000000e+000  0.000000e+000  0.000000e+000  0.000000e+000  0.000000e+000  0.000000e+000  0.000000e+000  

0.000000e+000  0.000000e+000  0.000000e+000  0.000000e+000  0.000000e+000  0.000000e+000  0.000000e+000  0.000000e+000  0.000000e+000  0.000000e+000  0.000000e+000  0.000000e+000  0.000000e+000  0.000000e+000  0.000000e+000  0.000000e+000  0.000000e+000  0.000000e+000  0.000000e+000  0.000000e+000  0.000000e+000  0.000000e+000  0.000000e+000  0.000000e+000  0.000000e+000  
0.000000e+000  0.000000e+000  0.000000e+000  0.000000e+000  0.000000e+000  0.000000e+000  0.000000e+000  0.000000e+000  0.000000e+000  0.000000e+000  0.000000e+000  0.000000e+000  0.000000e+000  0.000000e+000  0.000000e+000  0.000000e+000  0.000000e+000  0.000000e+000  0.000000e+000  0.000000e+000  0.000000e+000  0.000000e+000  0.000000e+000  0.000000e+000  0.000000e+000  
0.000000e+000  0.000000e+000  0.000000e+000  0.000000e+000  0.000000e+000  0.000000e+000  0.000000e+000  0.000000e+000  0.000000e+000  0.000000e+000  0.000000e+000  0.000000e+000  0.000000e+000  0.000000e+000  0.000000e+000  0.000000e+000  0.000000e+000  0.000000e+000  0.000000e+000  0.000000e+000  0.000000e+000  0.000000e+000  0.000000e+000  0.000000e+000  0.000000e+000  
0.000000e+000  0.000000e+000  0.000000e+000  0.000000e+000  0.000000e+000  0.000000e+000  0.000000e+000  0.000000e+000  0.000000e+000  0.000000e+000  0.000000e+000  0.000000e+000  0.000000e+000  0.000000e+000  0.000000e+000  0.000000e+000  0.000000e+000  0.000000e+000  0.000000e+000  0.000000e+000  0.000000e+000  0.000000e+000  0.000000e+000  0.000000e+000  0.000000e+000  
0.000000e+000  0.000000e+000  0.000000e+000  0.000000e+000  0.000000e+000  0.000000e+000  0.000000e+000  0.000000e+000  0.000000e+000  0.000000e+000  0.000000e+000  0.000000e+000  0.000000e+000  0.000000e+000  0.000000e+000  0.000000e+000  0.000000e+000  0.000000e+000  0.000000e+000  0.000000e+000  0.000000e+000  0.000000e+000  0.000000e+000  0.000000e+000  0.000000e+000  
0.000000e+000  0.000000e+000  0.000000e+000  0.000000e+000  0.000000e+000  0.000000e+000  0.000000e+000  0.000000e+000  0.000000e+000  0.000000e+000  0.000000e+000  0.000000e+000  0.000000e+000  0.000000e+000  0.000000e+000  0.000000e+000  0.000000e+000  0.000000e+000  0.000000e+000  0.000000e+000  0.000000e+000  0.000000e+000  0.000000e+000  0.000000e+000  0.000000e+000  
0.000000e+000  0.000000e+000  0.000000e+000  0.000000e+000  0.000000e+000  0.000000e+000  0.000000e+000  0.000000e+000  0.000000e+000  0.000000e+000  0.000000e+000  0.000000e+000  0.000000e+000  0.000000e+000  0.000000e+000  0.000000e+000  0.000000e+000  0.000000e+000  0.000000e+000  0.000000e+000  0.000000e+000  0.000000e+000  0.000000e+000  0.000000e+000  0.000000e+000  
0.000000e+000  0.000000e+000  0.000000e+000  0.000000e+000  0.000000e+000  0.000000e+000  0.000000e+000  0.000000e+000  0.000000e+000  0.000000e+000  0.000000e+000  0.000000e+000  0.000000e+000  0.000000e+000  0.000000e+000  0.000000e+000  0.000000e+000  0.000000e+000  0.000000e+000  0.000000e+000  0.000000e+000  0.000000e+000  0.000000e+000  0.000000e+000  0.000000e+000  
0.000000e+000  0.000000e+000  0.000000e+000  0.000000e+000  0.000000e+000  0.000000e+000  0.000000e+000  0.000000e+000  0.000000e+000  0.000000e+000  0.000000e+000  0.000000e+000  0.000000e+000  0.000000e+000  0.000000e+000  0.000000e+000  0.000000e+000  0.000000e+000  0.000000e+000  0.000000e+000  0.000000e+000  0.000000e+000  0.000000e+000  0.000000e+000  0.000000e+000  
0.000000e+000  0.000000e+000  0.000000e+000  0.000000e+000  0.000000e+000  0.000000e+000  0.000000e+000  0.000000e+000  0.000000e+000  0.000000e+000  0.000000e+000  0.000000e+000  0.000000e+000  0.000000e+000  0.000000e+000  0.000000e+000  0.000000e+000  0.000000e+000  0.000000e+000  0.000000e+000  0.000000e+000  0.000000e+000  0.000000e+000  0.000000e+000  0.000000e+000  
0.000000e+000  0.000000e+000  0.000000e+000  0.000000e+000  0.000000e+000  0.000000e+000  0.000000e+000  0.000000e+000  0.000000e+000  0.000000e+000  0.000000e+000  0.000000e+000  0.000000e+000  0.000000e+000  0.000000e+000  0.000000e+000  0.000000e+000  0.000000e+000  0.000000e+000  0.000000e+000  0.000000e+000  0.000000e+000  0.000000e+000  0.000000e+000  0.000000e+000  

0.000000e+000  0.000000e+000  0.000000e+000  0.000000e+000  0.000000e+000  0.000000e+000  0.000000e+000  0.000000e+000  0.000000e+000  0.000000e+000  0.000000e+000  0.000000e+000  0.000000e+000  0.000000e+000  0.000000e+000  0.000000e+000  0.000000e+000  0.000000e+000  0.000000e+000  0.000000e+000  0.000000e+000  0.000000e+000  0.000000e+000  0.000000e+000  0.000000e+000  
0.000000e+000  0.000000e+000  0.000000e+000  0.000000e+000  0.000000e+000  0.000000e+000  0.000000e+000  0.000000e+000  0.000000e+000  0.000000e+000  0.000000e+000  0.000000e+000  0.000000e+000  0.000000e+000  0.000000e+000  0.000000e+000  0.000000e+000  0.000000e+000  0.000000e+000  0.000000e+000  0.000000e+000  0.000000e+000  0.000000e+000  0.000000e+000  0.000000e+000  
0.000000e+000  0.000000e+000  0.000000e+000  0.000000e+000  0.000000e+000  0.000000e+000  0.000000e+000  0.000000e+000  0.000000e+000  0.000000e+000  0.000000e+000  0.000000e+000  0.000000e+000  0.000000e+000  0.000000e+000  0.000000e+000  0.000000e+000  0.000000e+000  0.000000e+000  0.000000e+000  0.000000e+000  0.000000e+000  0.000000e+000  0.000000e+000  0.000000e+000  
0.000000e+000  0.000000e+000  0.000000e+000  0.000000e+000  0.000000e+000  0.000000e+000  0.000000e+000  0.000000e+000  0.000000e+000  0.000000e+000  0.000000e+000  0.000000e+000  0.000000e+000  0.000000e+000  0.000000e+000  0.000000e+000  0.000000e+000  0.000000e+000  0.000000e+000  0.000000e+000  0.000000e+000  0.000000e+000  0.000000e+000  0.000000e+000  0.000000e+000  
0.000000e+000  0.000000e+000  0.000000e+000  0.000000e+000  0.000000e+000  0.000000e+000  0.000000e+000  0.000000e+000  0.000000e+000  0.000000e+000  0.000000e+000  0.000000e+000  0.000000e+000  0.000000e+000  0.000000e+000  0.000000e+000  0.000000e+000  0.000000e+000  0.000000e+000  0.000000e+000  0.000000e+000  0.000000e+000  0.000000e+000  0.000000e+000  0.000000e+000  
0.000000e+000  0.000000e+000  0.000000e+000  0.000000e+000  0.000000e+000  0.000000e+000  0.000000e+000  0.000000e+000  0.000000e+000  0.000000e+000  0.000000e+000  0.000000e+000  0.000000e+000  0.000000e+000  0.000000e+000  0.000000e+000  0.000000e+000  0.000000e+000  0.000000e+000  0.000000e+000  0.000000e+000  0.000000e+000  0.000000e+000  0.000000e+000  0.000000e+000  
0.000000e+000  0.000000e+000  0.000000e+000  0.000000e+000  0.000000e+000  0.000000e+000  0.000000e+000  0.000000e+000  0.000000e+000  0.000000e+000  0.000000e+000  0.000000e+000  0.000000e+000  0.000000e+000  0.000000e+000  0.000000e+000  0.000000e+000  0.000000e+000  0.000000e+000  0.000000e+000  0.000000e+000  0.000000e+000  0.000000e+000  0.000000e+000  0.000000e+000  
0.000000e+000  0.000000e+000  0.000000e+000  0.000000e+000  0.000000e+000  0.000000e+000  0.000000e+000  0.000000e+000  0.000000e+000  0.000000e+000  0.000000e+000  0.000000e+000  0.000000e+000  0.000000e+000  0.000000e+000  0.000000e+000  0.000000e+000  0.000000e+000  0.000000e+000  0.000000e+000  0.000000e+000  0.000000e+000  0.000000e+000  0.000000e+000  0.000000e+000  
0.000000e+000  0.000000e+000  0.000000e+000  0.000000e+000  0.000000e+000  0.000000e+000  0.000000e+000  0.000000e+000  0.000000e+000  0.000000e+000  0.000000e+000  0.000000e+000  0.000000e+000  0.000000e+000  0.000000e+000  0.000000e+000  0.000000e+000  0.000000e+000  0.000000e+000  0.000000e+000  0.000000e+000  0.000000e+000  0.000000e+000  0.000000e+000  0.000000e+000  
0.000000e+000  0.000000e+000  0.000000e+000  0.000000e+000  0.000000e+000  0.000000e+000  0.000000e+000  0.000000e+000  0.000000e+000  0.000000e+000  0.000000e+000  0.000000e+000  0.000000e+000  0.000000e+000  0.000000e+000  0.000000e+000  0.000000e+000  0.000000e+000  0.000000e+000  0.000000e+000  0.000000e+000  0.000000e+000  0.000000e+000  0.000000e+000  0.000000e+000  
0.000000e+000  0.000000e+000  0.000000e+000  0.000000e+000  0.000000e+000  0.000000e+000  0.000000e+000  0.000000e+000  0.000000e+000  0.000000e+000  0.000000e+000  0.000000e+000  0.000000e+000  0.000000e+000  0.000000e+000  0.000000e+000  0.000000e+000  0.000000e+000  0.000000e+000  0.000000e+000  0.000000e+000  0.000000e+000  0.000000e+000  0.000000e+000  0.000000e+000  

0.000000e+000  0.000000e+000  0.000000e+000  0.000000e+000  0.000000e+000  0.000000e+000  0.000000e+000  0.000000e+000  0.000000e+000  0.000000e+000  0.000000e+000  0.000000e+000  0.000000e+000  0.000000e+000  0.000000e+000  0.000000e+000  0.000000e+000  0.000000e+000  0.000000e+000  0.000000e+000  0.000000e+000  0.000000e+000  0.000000e+000  0.000000e+000  0.000000e+000  
0.000000e+000  0.000000e+000  0.000000e+000  0.000000e+000  0.000000e+000  0.000000e+000  0.000000e+000  0.000000e+000  0.000000e+000  0.000000e+000  0.000000e+000  0.000000e+000  0.000000e+000  0.000000e+000  0.000000e+000  0.000000e+000  0.000000e+000  0.000000e+000  0.000000e+000  0.000000e+000  0.000000e+000  0.000000e+000  0.000000e+000  0.000000e+000  0.000000e+000  
0.000000e+000  0.000000e+000  0.000000e+000  0.000000e+000  0.000000e+000  0.000000e+000  0.000000e+000  0.000000e+000  0.000000e+000  0.000000e+000  0.000000e+000  0.000000e+000  0.000000e+000  0.000000e+000  0.000000e+000  0.000000e+000  0.000000e+000  0.000000e+000  0.000000e+000  0.000000e+000  0.000000e+000  0.000000e+000  0.000000e+000  0.000000e+000  0.000000e+000  
0.000000e+000  0.000000e+000  0.000000e+000  0.000000e+000  0.000000e+000  0.000000e+000  0.000000e+000  0.000000e+000  0.000000e+000  0.000000e+000  0.000000e+000  0.000000e+000  0.000000e+000  0.000000e+000  0.000000e+000  0.000000e+000  0.000000e+000  0.000000e+000  0.000000e+000  0.000000e+000  0.000000e+000  0.000000e+000  0.000000e+000  0.000000e+000  0.000000e+000  
0.000000e+000  0.000000e+000  0.000000e+000  0.000000e+000  0.000000e+000  0.000000e+000  0.000000e+000  0.000000e+000  0.000000e+000  0.000000e+000  0.000000e+000  0.000000e+000  0.000000e+000  0.000000e+000  0.000000e+000  0.000000e+000  0.000000e+000  0.000000e+000  0.000000e+000  0.000000e+000  0.000000e+000  0.000000e+000  0.000000e+000  0.000000e+000  0.000000e+000  
0.000000e+000  0.000000e+000  0.000000e+000  0.000000e+000  0.000000e+000  0.000000e+000  0.000000e+000  0.000000e+000  0.000000e+000  0.000000e+000  0.000000e+000  0.000000e+000  0.000000e+000  0.000000e+000  0.000000e+000  0.000000e+000  0.000000e+000  0.000000e+000  0.000000e+000  0.000000e+000  0.000000e+000  0.000000e+000  0.000000e+000  0.000000e+000  0.000000e+000  
0.000000e+000  0.000000e+000  0.000000e+000  0.000000e+000  0.000000e+000  0.000000e+000  0.000000e+000  0.000000e+000  0.000000e+000  0.000000e+000  0.000000e+000  0.000000e+000  0.000000e+000  0.000000e+000  0.000000e+000  0.000000e+000  0.000000e+000  0.000000e+000  0.000000e+000  0.000000e+000  0.000000e+000  0.000000e+000  0.000000e+000  0.000000e+000  0.000000e+000  
0.000000e+000  0.000000e+000  0.000000e+000  0.000000e+000  0.000000e+000  0.000000e+000  0.000000e+000  0.000000e+000  0.000000e+000  0.000000e+000  0.000000e+000  0.000000e+000  0.000000e+000  0.000000e+000  0.000000e+000  0.000000e+000  0.000000e+000  0.000000e+000  0.000000e+000  0.000000e+000  0.000000e+000  0.000000e+000  0.000000e+000  0.000000e+000  0.000000e+000  
0.000000e+000  0.000000e+000  0.000000e+000  0.000000e+000  0.000000e+000  0.000000e+000  0.000000e+000  0.000000e+000  0.000000e+000  0.000000e+000  0.000000e+000  0.000000e+000  0.000000e+000  0.000000e+000  0.000000e+000  0.000000e+000  0.000000e+000  0.000000e+000  0.000000e+000  0.000000e+000  0.000000e+000  0.000000e+000  0.000000e+000  0.000000e+000  0.000000e+000  
0.000000e+000  0.000000e+000  0.000000e+000  0.000000e+000  0.000000e+000  0.000000e+000  0.000000e+000  0.000000e+000  0.000000e+000  0.000000e+000  0.000000e+000  0.000000e+000  0.000000e+000  0.000000e+000  0.000000e+000  0.000000e+000  0.000000e+000  0.000000e+000  0.000000e+000  0.000000e+000  0.000000e+000  0.000000e+000  0.000000e+000  0.000000e+000  0.000000e+000  
0.000000e+000  0.000000e+000  0.000000e+000  0.000000e+000  0.000000e+000  0.000000e+000  0.000000e+000  0.000000e+000  0.000000e+000  0.000000e+000  0.000000e+000  0.000000e+000  0.000000e+000  0.000000e+000  0.000000e+000  0.000000e+000  0.000000e+000  0.000000e+000  0.000000e+000  0.000000e+000  0.000000e+000  0.000000e+000  0.000000e+000  0.000000e+000  0.000000e+000  

0.000000e+000  0.000000e+000  0.000000e+000  0.000000e+000  0.000000e+000  0.000000e+000  0.000000e+000  0.000000e+000  0.000000e+000  0.000000e+000  0.000000e+000  0.000000e+000  0.000000e+000  0.000000e+000  0.000000e+000  0.000000e+000  0.000000e+000  0.000000e+000  0.000000e+000  0.000000e+000  0.000000e+000  0.000000e+000  0.000000e+000  0.000000e+000  0.000000e+000  
0.000000e+000  7.927526e-007  -2.314847e-006  5.627421e-006  1.810618e-006  -1.034322e-005  -1.439419e-005  7.382407e-007  -1.811369e-006  -4.695677e-006  -2.240272e-006  -1.792337e-006  -1.045898e-006  -1.863488e-007  -1.700920e-006  -9.601241e-006  -1.971277e-006  -2.671619e-006  -1.190935e-005  -1.154143e-005  2.594759e-006  2.608622e-006  4.271650e-007  7.181870e-007  0.000000e+000  
0.000000e+000  -2.050372e-006  -5.303026e-006  -8.976413e-006  -7.383750e-006  -7.867082e-006  -2.322135e-006  6.872767e-006  1.055515e-005  1.346258e-005  1.962848e-005  2.357958e-005  2.453498e-005  2.348041e-005  1.986538e-005  1.397214e-005  1.067099e-005  6.690620e-006  -2.443031e-006  -7.610773e-006  -7.381458e-006  -8.707007e-006  -5.491577e-006  -1.883411e-006  0.000000e+000  
0.000000e+000  -3.438763e-006  -1.007138e-005  -2.307820e-005  -1.789153e-005  -8.461703e-006  3.168375e-006  1.729060e-005  2.629141e-005  3.321573e-005  4.284739e-005  4.863060e-005  5.038473e-005  4.829804e-005  4.242781e-005  3.343929e-005  2.600041e-005  1.726426e-005  3.008245e-006  -8.910237e-006  -1.821545e-005  -2.300584e-005  -9.851694e-006  -3.463816e-006  0.000000e+000  
0.000000e+000  -3.897218e-006  -1.312449e-005  -4.167541e-005  -3.315262e-005  -1.210651e-005  6.058389e-006  2.795784e-005  4.416966e-005  5.459060e-005  6.923366e-005  7.761182e-005  8.066708e-005  7.778772e-005  6.922915e-005  5.435588e-005  4.430554e-005  2.802866e-005  6.134909e-006  -1.201039e-005  -3.304559e-005  -4.166330e-005  -1.286559e-005  -3.824372e-006  0.000000e+000  
0.000000e+000  -1.981213e-007  -2.004585e-006  -5.815569e-006  2.129437e-005  2.928659e-005  4.538327e-005  7.085223e-005  7.465088e-005  8.537978e-005  1.053771e-004  1.168601e-004  1.201059e-004  1.167946e-004  1.054873e-004  8.486786e-005  7.454760e-005  7.107961e-005  4.537118e-005  2.891428e-005  2.148419e-005  -5.747806e-006  -1.920529e-006  -1.426626e-007  0.000000e+000  
0.000000e+000  1.383063e-006  3.510225e-006  8.633395e-006  2.270252e-005  3.135715e-005  4.178831e-005  5.333033e-005  5.938799e-005  6.513270e-005  7.375405e-005  7.960132e-005  8.119486e-005  7.934661e-005  7.396551e-005  6.510320e-005  5.913200e-005  5.306319e-005  4.175007e-005  3.133038e-005  2.257598e-005  8.656388e-006  3.566010e-006  1.570144e-006  0.000000e+000  
0.000000e+000  2.221612e-006  5.711774e-006  1.153920e-005  2.050217e-005  2.652195e-005  3.303449e-005  3.933884e-005  4.311575e-005  4.656919e-005  5.092218e-005  5.397545e-005  5.475310e-005  5.393520e-005  5.079576e-005  4.663544e-005  4.314267e-005  3.918273e-005  3.297878e-005  2.665916e-005  2.054008e-005  1.155406e-005  5.736274e-006  2.485366e-006  0.000000e+000  
0.000000e+000  2.249598e-006  5.176558e-006  9.512823e-006  1.519299e-005  1.866309e-005  2.237417e-005  2.614919e-005  2.816230e-005  2.978138e-005  3.203264e-005  3.400368e-005  3.425999e-005  3.375325e-005  3.236832e-005  3.005266e-005  2.802727e-005  2.583055e-005  2.256913e-005  1.850162e-005  1.518838e-005  9.553618e-006  5.290633e-006  2.324503e-006  0.000000e+000  
0.000000e+000  1.328703e-006  2.826178e-006  5.218409e-006  7.989823e-006  9.397066e-006  1.152111e-005  1.274170e-005  1.372017e-005  1.468666e-005  1.584919e-005  1.630461e-005  1.673477e-005  1.657425e-005  1.565047e-005  1.450435e-005  1.376158e-005  1.288758e-005  1.108850e-005  9.569275e-006  7.924684e-006  5.278212e-006  2.971306e-006  1.270863e-006  0.000000e+000  
0.000000e+000  0.000000e+000  0.000000e+000  0.000000e+000  0.000000e+000  0.000000e+000  0.000000e+000  0.000000e+000  0.000000e+000  0.000000e+000  0.000000e+000  0.000000e+000  0.000000e+000  0.000000e+000  0.000000e+000  0.000000e+000  0.000000e+000  0.000000e+000  0.000000e+000  0.000000e+000  0.000000e+000  0.000000e+000  0.000000e+000  0.000000e+000  0.000000e+000  

