Port monitor named: Port2_h1[35].prt

nx        = 25
ny        = 11
nz        = 51

nu        = 25
nv        = 11
iu        = 1
iv        = 1

idir      = 2
dcut      = 2.000000e-002
icut      = 51
type      = 1
frequency = 3.500000e+010

fcutoff   = 2.102660e+010
alpha     = 0.000000e+000
beta      = 5.863850e+002
accuracy  = 5.699435e-011

type          = TE
wave imp.     = 4.712756e+002
wave imp.sig. = 1.027474e-005
line imp.     = 0.000000e+000

ref. port     = 0

0.000000e+000  -2.661118e+000  -5.208677e+000  -7.533962e+000  -9.354116e+000  -1.025214e+001  -1.103317e+001  -1.168830e+001  -1.202688e+001  -1.231290e+001  -1.265090e+001  -1.285514e+001  -1.292346e+001  -1.285514e+001  -1.265090e+001  -1.231290e+001  -1.202688e+001  -1.168830e+001  -1.103317e+001  -1.025214e+001  -9.354116e+000  -7.533962e+000  -5.208677e+000  -2.661118e+000  0.000000e+000  
0.000000e+000  -2.661118e+000  -5.208677e+000  -7.533962e+000  -9.354116e+000  -1.025214e+001  -1.103317e+001  -1.168830e+001  -1.202688e+001  -1.231290e+001  -1.265090e+001  -1.285514e+001  -1.292346e+001  -1.285514e+001  -1.265090e+001  -1.231290e+001  -1.202688e+001  -1.168830e+001  -1.103317e+001  -1.025214e+001  -9.354116e+000  -7.533962e+000  -5.208677e+000  -2.661118e+000  0.000000e+000  
0.000000e+000  -2.661118e+000  -5.208677e+000  -7.533962e+000  -9.354116e+000  -1.025214e+001  -1.103317e+001  -1.168830e+001  -1.202688e+001  -1.231290e+001  -1.265090e+001  -1.285514e+001  -1.292346e+001  -1.285514e+001  -1.265090e+001  -1.231290e+001  -1.202688e+001  -1.168830e+001  -1.103317e+001  -1.025214e+001  -9.354116e+000  -7.533962e+000  -5.208677e+000  -2.661118e+000  0.000000e+000  
0.000000e+000  -2.661118e+000  -5.208677e+000  -7.533962e+000  -9.354116e+000  -1.025214e+001  -1.103317e+001  -1.168830e+001  -1.202688e+001  -1.231290e+001  -1.265090e+001  -1.285514e+001  -1.292346e+001  -1.285514e+001  -1.265090e+001  -1.231290e+001  -1.202688e+001  -1.168830e+001  -1.103317e+001  -1.025214e+001  -9.354116e+000  -7.533962e+000  -5.208677e+000  -2.661118e+000  0.000000e+000  
0.000000e+000  -2.661118e+000  -5.208677e+000  -7.533962e+000  -9.354116e+000  -1.025214e+001  -1.103317e+001  -1.168830e+001  -1.202688e+001  -1.231290e+001  -1.265090e+001  -1.285514e+001  -1.292346e+001  -1.285514e+001  -1.265090e+001  -1.231290e+001  -1.202688e+001  -1.168830e+001  -1.103317e+001  -1.025214e+001  -9.354116e+000  -7.533962e+000  -5.208677e+000  -2.661118e+000  0.000000e+000  
0.000000e+000  -2.661118e+000  -5.208677e+000  -7.533962e+000  -9.354116e+000  -1.025214e+001  -1.103317e+001  -1.168830e+001  -1.202688e+001  -1.231290e+001  -1.265090e+001  -1.285514e+001  -1.292346e+001  -1.285514e+001  -1.265090e+001  -1.231290e+001  -1.202688e+001  -1.168830e+001  -1.103317e+001  -1.025214e+001  -9.354116e+000  -7.533962e+000  -5.208677e+000  -2.661118e+000  0.000000e+000  
0.000000e+000  -2.661118e+000  -5.208677e+000  -7.533962e+000  -9.354116e+000  -1.025214e+001  -1.103317e+001  -1.168830e+001  -1.202688e+001  -1.231290e+001  -1.265090e+001  -1.285514e+001  -1.292346e+001  -1.285514e+001  -1.265090e+001  -1.231290e+001  -1.202688e+001  -1.168830e+001  -1.103317e+001  -1.025214e+001  -9.354116e+000  -7.533962e+000  -5.208677e+000  -2.661118e+000  0.000000e+000  
0.000000e+000  -2.661118e+000  -5.208677e+000  -7.533962e+000  -9.354116e+000  -1.025214e+001  -1.103317e+001  -1.168830e+001  -1.202688e+001  -1.231290e+001  -1.265090e+001  -1.285514e+001  -1.292346e+001  -1.285514e+001  -1.265090e+001  -1.231290e+001  -1.202688e+001  -1.168830e+001  -1.103317e+001  -1.025214e+001  -9.354116e+000  -7.533962e+000  -5.208677e+000  -2.661118e+000  0.000000e+000  
0.000000e+000  -2.661118e+000  -5.208677e+000  -7.533962e+000  -9.354116e+000  -1.025214e+001  -1.103317e+001  -1.168830e+001  -1.202688e+001  -1.231290e+001  -1.265090e+001  -1.285514e+001  -1.292346e+001  -1.285514e+001  -1.265090e+001  -1.231290e+001  -1.202688e+001  -1.168830e+001  -1.103317e+001  -1.025214e+001  -9.354116e+000  -7.533962e+000  -5.208677e+000  -2.661118e+000  0.000000e+000  
0.000000e+000  -2.661118e+000  -5.208677e+000  -7.533962e+000  -9.354116e+000  -1.025214e+001  -1.103317e+001  -1.168830e+001  -1.202688e+001  -1.231290e+001  -1.265090e+001  -1.285514e+001  -1.292346e+001  -1.285514e+001  -1.265090e+001  -1.231290e+001  -1.202688e+001  -1.168830e+001  -1.103317e+001  -1.025214e+001  -9.354116e+000  -7.533962e+000  -5.208677e+000  -2.661118e+000  0.000000e+000  
0.000000e+000  0.000000e+000  0.000000e+000  0.000000e+000  0.000000e+000  0.000000e+000  0.000000e+000  0.000000e+000  0.000000e+000  0.000000e+000  0.000000e+000  0.000000e+000  0.000000e+000  0.000000e+000  0.000000e+000  0.000000e+000  0.000000e+000  0.000000e+000  0.000000e+000  0.000000e+000  0.000000e+000  0.000000e+000  0.000000e+000  0.000000e+000  0.000000e+000  

0.000000e+000  0.000000e+000  0.000000e+000  0.000000e+000  0.000000e+000  0.000000e+000  0.000000e+000  0.000000e+000  0.000000e+000  0.000000e+000  0.000000e+000  0.000000e+000  0.000000e+000  0.000000e+000  0.000000e+000  0.000000e+000  0.000000e+000  0.000000e+000  0.000000e+000  0.000000e+000  0.000000e+000  0.000000e+000  0.000000e+000  0.000000e+000  0.000000e+000  
-1.714058e-008  -1.924468e-008  -9.921122e-009  -1.275805e-008  -3.852479e-008  -1.102251e-008  7.853713e-008  -1.302798e-007  -2.272784e-008  1.241002e-008  -9.031834e-009  -1.804264e-008  3.676398e-008  -1.629397e-008  3.704838e-008  -5.994161e-008  7.915200e-008  -2.023371e-008  -5.067987e-009  6.270788e-008  -1.366376e-008  1.511376e-008  2.865392e-008  1.350591e-008  0.000000e+000  
-4.891014e-008  -5.350519e-008  -4.486647e-008  -7.512412e-009  -3.169732e-009  4.299724e-008  5.644084e-008  3.501901e-008  3.807011e-008  1.025728e-008  7.240357e-009  7.427839e-009  -6.852507e-009  -8.698360e-009  -1.358701e-008  -2.661403e-008  -2.834367e-008  -6.366148e-008  -4.094156e-008  -6.751778e-010  9.025633e-009  4.556816e-008  5.182782e-008  4.955096e-008  0.000000e+000  
-7.666188e-008  -8.268883e-008  -1.030606e-007  -7.665112e-010  5.427115e-008  8.542253e-008  1.200950e-007  9.535824e-008  7.275521e-008  3.447230e-008  2.406475e-008  1.121197e-008  -5.948808e-009  -2.830498e-008  -3.684921e-008  -7.248121e-008  -9.917333e-008  -1.187582e-007  -8.519098e-008  -5.048608e-008  0.000000e+000  1.009909e-007  8.468359e-008  7.654449e-008  0.000000e+000  
-1.003807e-007  -1.127904e-007  -1.884191e-007  1.420989e-008  1.098975e-007  1.283121e-007  2.403483e-007  2.130575e-007  7.907241e-008  3.275151e-008  3.937486e-008  1.501111e-008  -1.169925e-008  -4.225368e-008  -3.186701e-008  -8.217566e-008  -2.131160e-007  -2.366718e-007  -1.313442e-007  -1.088600e-007  -1.555802e-008  1.884749e-007  1.137784e-007  1.002792e-007  0.000000e+000  
-2.193283e-007  -2.025386e-007  -1.503530e-007  7.641266e-009  4.734501e-008  1.297088e-007  1.884934e-007  1.585374e-007  1.619597e-007  2.534841e-007  1.295047e-007  3.869946e-008  -4.030464e-008  -1.279062e-007  -2.508648e-007  -1.662564e-007  -1.593333e-007  -1.891361e-007  -1.286667e-007  -4.518514e-008  -9.478616e-009  1.511711e-007  2.030571e-007  2.188615e-007  0.000000e+000  
-1.545083e-007  -1.348374e-007  -8.928316e-008  -1.570918e-008  2.969325e-008  6.091771e-008  8.208613e-008  8.983718e-008  9.232142e-008  8.739502e-008  6.110287e-008  1.978804e-008  -1.815575e-008  -6.212972e-008  -8.888912e-008  -8.918771e-008  -8.861720e-008  -8.296282e-008  -5.821360e-008  -3.368776e-008  1.569606e-008  8.906545e-008  1.348822e-007  1.549378e-007  0.000000e+000  
-1.043256e-007  -8.787151e-008  -5.748208e-008  -1.826198e-008  8.716676e-009  2.707515e-008  3.645637e-008  3.883853e-008  4.073369e-008  3.750803e-008  2.565096e-008  1.057097e-008  -1.069395e-008  -2.939478e-008  -3.234525e-008  -3.994506e-008  -4.406943e-008  -3.590971e-008  -2.250255e-008  -1.167838e-008  1.781181e-008  5.743354e-008  8.777221e-008  1.044892e-007  0.000000e+000  
-6.328794e-008  -5.360990e-008  -3.588860e-008  -1.526614e-008  -6.277253e-010  9.478354e-009  1.495471e-008  1.795215e-008  1.654506e-008  1.405836e-008  1.365166e-008  2.819003e-009  -4.740143e-009  -1.148327e-008  -1.382791e-008  -1.785474e-008  -1.630275e-008  -1.433470e-008  -8.045053e-009  -1.164452e-009  1.463752e-008  3.603836e-008  5.286104e-008  6.380209e-008  0.000000e+000  
-3.034481e-008  -2.564295e-008  -1.673226e-008  -8.813558e-009  1.291253e-009  -1.435855e-009  5.393175e-009  8.293968e-009  6.700757e-009  2.032454e-009  9.000050e-009  -1.616349e-009  8.294478e-010  -7.614430e-009  -2.840645e-009  -6.335188e-009  -7.242526e-009  -4.671726e-009  9.644399e-010  -1.199827e-009  7.746965e-009  1.723147e-008  2.532671e-008  3.050344e-008  0.000000e+000  
0.000000e+000  0.000000e+000  0.000000e+000  0.000000e+000  0.000000e+000  0.000000e+000  0.000000e+000  0.000000e+000  0.000000e+000  0.000000e+000  0.000000e+000  0.000000e+000  0.000000e+000  0.000000e+000  0.000000e+000  0.000000e+000  0.000000e+000  0.000000e+000  0.000000e+000  0.000000e+000  0.000000e+000  0.000000e+000  0.000000e+000  0.000000e+000  0.000000e+000  

0.000000e+000  0.000000e+000  0.000000e+000  0.000000e+000  0.000000e+000  0.000000e+000  0.000000e+000  0.000000e+000  0.000000e+000  0.000000e+000  0.000000e+000  0.000000e+000  0.000000e+000  0.000000e+000  0.000000e+000  0.000000e+000  0.000000e+000  0.000000e+000  0.000000e+000  0.000000e+000  0.000000e+000  0.000000e+000  0.000000e+000  0.000000e+000  0.000000e+000  
0.000000e+000  0.000000e+000  0.000000e+000  0.000000e+000  0.000000e+000  0.000000e+000  0.000000e+000  0.000000e+000  0.000000e+000  0.000000e+000  0.000000e+000  0.000000e+000  0.000000e+000  0.000000e+000  0.000000e+000  0.000000e+000  0.000000e+000  0.000000e+000  0.000000e+000  0.000000e+000  0.000000e+000  0.000000e+000  0.000000e+000  0.000000e+000  0.000000e+000  
0.000000e+000  0.000000e+000  0.000000e+000  0.000000e+000  0.000000e+000  0.000000e+000  0.000000e+000  0.000000e+000  0.000000e+000  0.000000e+000  0.000000e+000  0.000000e+000  0.000000e+000  0.000000e+000  0.000000e+000  0.000000e+000  0.000000e+000  0.000000e+000  0.000000e+000  0.000000e+000  0.000000e+000  0.000000e+000  0.000000e+000  0.000000e+000  0.000000e+000  
0.000000e+000  0.000000e+000  0.000000e+000  0.000000e+000  0.000000e+000  0.000000e+000  0.000000e+000  0.000000e+000  0.000000e+000  0.000000e+000  0.000000e+000  0.000000e+000  0.000000e+000  0.000000e+000  0.000000e+000  0.000000e+000  0.000000e+000  0.000000e+000  0.000000e+000  0.000000e+000  0.000000e+000  0.000000e+000  0.000000e+000  0.000000e+000  0.000000e+000  
0.000000e+000  0.000000e+000  0.000000e+000  0.000000e+000  0.000000e+000  0.000000e+000  0.000000e+000  0.000000e+000  0.000000e+000  0.000000e+000  0.000000e+000  0.000000e+000  0.000000e+000  0.000000e+000  0.000000e+000  0.000000e+000  0.000000e+000  0.000000e+000  0.000000e+000  0.000000e+000  0.000000e+000  0.000000e+000  0.000000e+000  0.000000e+000  0.000000e+000  
0.000000e+000  0.000000e+000  0.000000e+000  0.000000e+000  0.000000e+000  0.000000e+000  0.000000e+000  0.000000e+000  0.000000e+000  0.000000e+000  0.000000e+000  0.000000e+000  0.000000e+000  0.000000e+000  0.000000e+000  0.000000e+000  0.000000e+000  0.000000e+000  0.000000e+000  0.000000e+000  0.000000e+000  0.000000e+000  0.000000e+000  0.000000e+000  0.000000e+000  
0.000000e+000  0.000000e+000  0.000000e+000  0.000000e+000  0.000000e+000  0.000000e+000  0.000000e+000  0.000000e+000  0.000000e+000  0.000000e+000  0.000000e+000  0.000000e+000  0.000000e+000  0.000000e+000  0.000000e+000  0.000000e+000  0.000000e+000  0.000000e+000  0.000000e+000  0.000000e+000  0.000000e+000  0.000000e+000  0.000000e+000  0.000000e+000  0.000000e+000  
0.000000e+000  0.000000e+000  0.000000e+000  0.000000e+000  0.000000e+000  0.000000e+000  0.000000e+000  0.000000e+000  0.000000e+000  0.000000e+000  0.000000e+000  0.000000e+000  0.000000e+000  0.000000e+000  0.000000e+000  0.000000e+000  0.000000e+000  0.000000e+000  0.000000e+000  0.000000e+000  0.000000e+000  0.000000e+000  0.000000e+000  0.000000e+000  0.000000e+000  
0.000000e+000  0.000000e+000  0.000000e+000  0.000000e+000  0.000000e+000  0.000000e+000  0.000000e+000  0.000000e+000  0.000000e+000  0.000000e+000  0.000000e+000  0.000000e+000  0.000000e+000  0.000000e+000  0.000000e+000  0.000000e+000  0.000000e+000  0.000000e+000  0.000000e+000  0.000000e+000  0.000000e+000  0.000000e+000  0.000000e+000  0.000000e+000  0.000000e+000  
0.000000e+000  0.000000e+000  0.000000e+000  0.000000e+000  0.000000e+000  0.000000e+000  0.000000e+000  0.000000e+000  0.000000e+000  0.000000e+000  0.000000e+000  0.000000e+000  0.000000e+000  0.000000e+000  0.000000e+000  0.000000e+000  0.000000e+000  0.000000e+000  0.000000e+000  0.000000e+000  0.000000e+000  0.000000e+000  0.000000e+000  0.000000e+000  0.000000e+000  
0.000000e+000  0.000000e+000  0.000000e+000  0.000000e+000  0.000000e+000  0.000000e+000  0.000000e+000  0.000000e+000  0.000000e+000  0.000000e+000  0.000000e+000  0.000000e+000  0.000000e+000  0.000000e+000  0.000000e+000  0.000000e+000  0.000000e+000  0.000000e+000  0.000000e+000  0.000000e+000  0.000000e+000  0.000000e+000  0.000000e+000  0.000000e+000  0.000000e+000  

0.000000e+000  0.000000e+000  0.000000e+000  0.000000e+000  0.000000e+000  0.000000e+000  0.000000e+000  0.000000e+000  0.000000e+000  0.000000e+000  0.000000e+000  0.000000e+000  0.000000e+000  0.000000e+000  0.000000e+000  0.000000e+000  0.000000e+000  0.000000e+000  0.000000e+000  0.000000e+000  0.000000e+000  0.000000e+000  0.000000e+000  0.000000e+000  0.000000e+000  
0.000000e+000  0.000000e+000  0.000000e+000  0.000000e+000  0.000000e+000  0.000000e+000  0.000000e+000  0.000000e+000  0.000000e+000  0.000000e+000  0.000000e+000  0.000000e+000  0.000000e+000  0.000000e+000  0.000000e+000  0.000000e+000  0.000000e+000  0.000000e+000  0.000000e+000  0.000000e+000  0.000000e+000  0.000000e+000  0.000000e+000  0.000000e+000  0.000000e+000  
0.000000e+000  0.000000e+000  0.000000e+000  0.000000e+000  0.000000e+000  0.000000e+000  0.000000e+000  0.000000e+000  0.000000e+000  0.000000e+000  0.000000e+000  0.000000e+000  0.000000e+000  0.000000e+000  0.000000e+000  0.000000e+000  0.000000e+000  0.000000e+000  0.000000e+000  0.000000e+000  0.000000e+000  0.000000e+000  0.000000e+000  0.000000e+000  0.000000e+000  
0.000000e+000  0.000000e+000  0.000000e+000  0.000000e+000  0.000000e+000  0.000000e+000  0.000000e+000  0.000000e+000  0.000000e+000  0.000000e+000  0.000000e+000  0.000000e+000  0.000000e+000  0.000000e+000  0.000000e+000  0.000000e+000  0.000000e+000  0.000000e+000  0.000000e+000  0.000000e+000  0.000000e+000  0.000000e+000  0.000000e+000  0.000000e+000  0.000000e+000  
0.000000e+000  0.000000e+000  0.000000e+000  0.000000e+000  0.000000e+000  0.000000e+000  0.000000e+000  0.000000e+000  0.000000e+000  0.000000e+000  0.000000e+000  0.000000e+000  0.000000e+000  0.000000e+000  0.000000e+000  0.000000e+000  0.000000e+000  0.000000e+000  0.000000e+000  0.000000e+000  0.000000e+000  0.000000e+000  0.000000e+000  0.000000e+000  0.000000e+000  
0.000000e+000  0.000000e+000  0.000000e+000  0.000000e+000  0.000000e+000  0.000000e+000  0.000000e+000  0.000000e+000  0.000000e+000  0.000000e+000  0.000000e+000  0.000000e+000  0.000000e+000  0.000000e+000  0.000000e+000  0.000000e+000  0.000000e+000  0.000000e+000  0.000000e+000  0.000000e+000  0.000000e+000  0.000000e+000  0.000000e+000  0.000000e+000  0.000000e+000  
0.000000e+000  0.000000e+000  0.000000e+000  0.000000e+000  0.000000e+000  0.000000e+000  0.000000e+000  0.000000e+000  0.000000e+000  0.000000e+000  0.000000e+000  0.000000e+000  0.000000e+000  0.000000e+000  0.000000e+000  0.000000e+000  0.000000e+000  0.000000e+000  0.000000e+000  0.000000e+000  0.000000e+000  0.000000e+000  0.000000e+000  0.000000e+000  0.000000e+000  
0.000000e+000  0.000000e+000  0.000000e+000  0.000000e+000  0.000000e+000  0.000000e+000  0.000000e+000  0.000000e+000  0.000000e+000  0.000000e+000  0.000000e+000  0.000000e+000  0.000000e+000  0.000000e+000  0.000000e+000  0.000000e+000  0.000000e+000  0.000000e+000  0.000000e+000  0.000000e+000  0.000000e+000  0.000000e+000  0.000000e+000  0.000000e+000  0.000000e+000  
0.000000e+000  0.000000e+000  0.000000e+000  0.000000e+000  0.000000e+000  0.000000e+000  0.000000e+000  0.000000e+000  0.000000e+000  0.000000e+000  0.000000e+000  0.000000e+000  0.000000e+000  0.000000e+000  0.000000e+000  0.000000e+000  0.000000e+000  0.000000e+000  0.000000e+000  0.000000e+000  0.000000e+000  0.000000e+000  0.000000e+000  0.000000e+000  0.000000e+000  
0.000000e+000  0.000000e+000  0.000000e+000  0.000000e+000  0.000000e+000  0.000000e+000  0.000000e+000  0.000000e+000  0.000000e+000  0.000000e+000  0.000000e+000  0.000000e+000  0.000000e+000  0.000000e+000  0.000000e+000  0.000000e+000  0.000000e+000  0.000000e+000  0.000000e+000  0.000000e+000  0.000000e+000  0.000000e+000  0.000000e+000  0.000000e+000  0.000000e+000  
0.000000e+000  0.000000e+000  0.000000e+000  0.000000e+000  0.000000e+000  0.000000e+000  0.000000e+000  0.000000e+000  0.000000e+000  0.000000e+000  0.000000e+000  0.000000e+000  0.000000e+000  0.000000e+000  0.000000e+000  0.000000e+000  0.000000e+000  0.000000e+000  0.000000e+000  0.000000e+000  0.000000e+000  0.000000e+000  0.000000e+000  0.000000e+000  0.000000e+000  

0.000000e+000  0.000000e+000  0.000000e+000  0.000000e+000  0.000000e+000  0.000000e+000  0.000000e+000  0.000000e+000  0.000000e+000  0.000000e+000  0.000000e+000  0.000000e+000  0.000000e+000  0.000000e+000  0.000000e+000  0.000000e+000  0.000000e+000  0.000000e+000  0.000000e+000  0.000000e+000  0.000000e+000  0.000000e+000  0.000000e+000  0.000000e+000  0.000000e+000  
0.000000e+000  0.000000e+000  0.000000e+000  0.000000e+000  0.000000e+000  0.000000e+000  0.000000e+000  0.000000e+000  0.000000e+000  0.000000e+000  0.000000e+000  0.000000e+000  0.000000e+000  0.000000e+000  0.000000e+000  0.000000e+000  0.000000e+000  0.000000e+000  0.000000e+000  0.000000e+000  0.000000e+000  0.000000e+000  0.000000e+000  0.000000e+000  0.000000e+000  
0.000000e+000  0.000000e+000  0.000000e+000  0.000000e+000  0.000000e+000  0.000000e+000  0.000000e+000  0.000000e+000  0.000000e+000  0.000000e+000  0.000000e+000  0.000000e+000  0.000000e+000  0.000000e+000  0.000000e+000  0.000000e+000  0.000000e+000  0.000000e+000  0.000000e+000  0.000000e+000  0.000000e+000  0.000000e+000  0.000000e+000  0.000000e+000  0.000000e+000  
0.000000e+000  0.000000e+000  0.000000e+000  0.000000e+000  0.000000e+000  0.000000e+000  0.000000e+000  0.000000e+000  0.000000e+000  0.000000e+000  0.000000e+000  0.000000e+000  0.000000e+000  0.000000e+000  0.000000e+000  0.000000e+000  0.000000e+000  0.000000e+000  0.000000e+000  0.000000e+000  0.000000e+000  0.000000e+000  0.000000e+000  0.000000e+000  0.000000e+000  
0.000000e+000  0.000000e+000  0.000000e+000  0.000000e+000  0.000000e+000  0.000000e+000  0.000000e+000  0.000000e+000  0.000000e+000  0.000000e+000  0.000000e+000  0.000000e+000  0.000000e+000  0.000000e+000  0.000000e+000  0.000000e+000  0.000000e+000  0.000000e+000  0.000000e+000  0.000000e+000  0.000000e+000  0.000000e+000  0.000000e+000  0.000000e+000  0.000000e+000  
0.000000e+000  0.000000e+000  0.000000e+000  0.000000e+000  0.000000e+000  0.000000e+000  0.000000e+000  0.000000e+000  0.000000e+000  0.000000e+000  0.000000e+000  0.000000e+000  0.000000e+000  0.000000e+000  0.000000e+000  0.000000e+000  0.000000e+000  0.000000e+000  0.000000e+000  0.000000e+000  0.000000e+000  0.000000e+000  0.000000e+000  0.000000e+000  0.000000e+000  
0.000000e+000  0.000000e+000  0.000000e+000  0.000000e+000  0.000000e+000  0.000000e+000  0.000000e+000  0.000000e+000  0.000000e+000  0.000000e+000  0.000000e+000  0.000000e+000  0.000000e+000  0.000000e+000  0.000000e+000  0.000000e+000  0.000000e+000  0.000000e+000  0.000000e+000  0.000000e+000  0.000000e+000  0.000000e+000  0.000000e+000  0.000000e+000  0.000000e+000  
0.000000e+000  0.000000e+000  0.000000e+000  0.000000e+000  0.000000e+000  0.000000e+000  0.000000e+000  0.000000e+000  0.000000e+000  0.000000e+000  0.000000e+000  0.000000e+000  0.000000e+000  0.000000e+000  0.000000e+000  0.000000e+000  0.000000e+000  0.000000e+000  0.000000e+000  0.000000e+000  0.000000e+000  0.000000e+000  0.000000e+000  0.000000e+000  0.000000e+000  
0.000000e+000  0.000000e+000  0.000000e+000  0.000000e+000  0.000000e+000  0.000000e+000  0.000000e+000  0.000000e+000  0.000000e+000  0.000000e+000  0.000000e+000  0.000000e+000  0.000000e+000  0.000000e+000  0.000000e+000  0.000000e+000  0.000000e+000  0.000000e+000  0.000000e+000  0.000000e+000  0.000000e+000  0.000000e+000  0.000000e+000  0.000000e+000  0.000000e+000  
0.000000e+000  0.000000e+000  0.000000e+000  0.000000e+000  0.000000e+000  0.000000e+000  0.000000e+000  0.000000e+000  0.000000e+000  0.000000e+000  0.000000e+000  0.000000e+000  0.000000e+000  0.000000e+000  0.000000e+000  0.000000e+000  0.000000e+000  0.000000e+000  0.000000e+000  0.000000e+000  0.000000e+000  0.000000e+000  0.000000e+000  0.000000e+000  0.000000e+000  
0.000000e+000  0.000000e+000  0.000000e+000  0.000000e+000  0.000000e+000  0.000000e+000  0.000000e+000  0.000000e+000  0.000000e+000  0.000000e+000  0.000000e+000  0.000000e+000  0.000000e+000  0.000000e+000  0.000000e+000  0.000000e+000  0.000000e+000  0.000000e+000  0.000000e+000  0.000000e+000  0.000000e+000  0.000000e+000  0.000000e+000  0.000000e+000  0.000000e+000  

-9.681064e+000  -9.267937e+000  -8.459313e+000  -7.347469e+000  -6.317623e+000  -5.494571e+000  -4.608816e+000  -3.849324e+000  -3.251869e+000  -2.470300e+000  -1.492705e+000  -4.993281e-001  4.993281e-001  1.492705e+000  2.470300e+000  3.251869e+000  3.849324e+000  4.608816e+000  5.494571e+000  6.317623e+000  7.347469e+000  8.459313e+000  9.267937e+000  9.681064e+000  0.000000e+000  
-9.681064e+000  -9.267937e+000  -8.459313e+000  -7.347469e+000  -6.317624e+000  -5.494571e+000  -4.608816e+000  -3.849324e+000  -3.251869e+000  -2.470300e+000  -1.492705e+000  -4.993281e-001  4.993281e-001  1.492705e+000  2.470300e+000  3.251869e+000  3.849324e+000  4.608816e+000  5.494571e+000  6.317624e+000  7.347469e+000  8.459313e+000  9.267937e+000  9.681064e+000  0.000000e+000  
-9.681064e+000  -9.267937e+000  -8.459313e+000  -7.347469e+000  -6.317624e+000  -5.494571e+000  -4.608816e+000  -3.849324e+000  -3.251869e+000  -2.470300e+000  -1.492705e+000  -4.993281e-001  4.993281e-001  1.492705e+000  2.470300e+000  3.251869e+000  3.849324e+000  4.608816e+000  5.494571e+000  6.317624e+000  7.347469e+000  8.459313e+000  9.267937e+000  9.681064e+000  0.000000e+000  
-9.681064e+000  -9.267937e+000  -8.459313e+000  -7.347469e+000  -6.317623e+000  -5.494571e+000  -4.608816e+000  -3.849324e+000  -3.251869e+000  -2.470300e+000  -1.492705e+000  -4.993281e-001  4.993281e-001  1.492705e+000  2.470300e+000  3.251869e+000  3.849324e+000  4.608816e+000  5.494571e+000  6.317623e+000  7.347469e+000  8.459313e+000  9.267937e+000  9.681064e+000  0.000000e+000  
-9.681064e+000  -9.267937e+000  -8.459313e+000  -7.347469e+000  -6.317623e+000  -5.494571e+000  -4.608816e+000  -3.849324e+000  -3.251869e+000  -2.470299e+000  -1.492705e+000  -4.993281e-001  4.993281e-001  1.492705e+000  2.470299e+000  3.251869e+000  3.849324e+000  4.608816e+000  5.494571e+000  6.317623e+000  7.347469e+000  8.459313e+000  9.267937e+000  9.681064e+000  0.000000e+000  
-9.681064e+000  -9.267937e+000  -8.459313e+000  -7.347469e+000  -6.317623e+000  -5.494571e+000  -4.608816e+000  -3.849324e+000  -3.251869e+000  -2.470299e+000  -1.492705e+000  -4.993281e-001  4.993281e-001  1.492705e+000  2.470299e+000  3.251869e+000  3.849324e+000  4.608816e+000  5.494571e+000  6.317623e+000  7.347469e+000  8.459313e+000  9.267937e+000  9.681064e+000  0.000000e+000  
-9.681064e+000  -9.267937e+000  -8.459313e+000  -7.347469e+000  -6.317623e+000  -5.494571e+000  -4.608816e+000  -3.849324e+000  -3.251869e+000  -2.470299e+000  -1.492705e+000  -4.993281e-001  4.993281e-001  1.492705e+000  2.470299e+000  3.251869e+000  3.849324e+000  4.608816e+000  5.494571e+000  6.317623e+000  7.347469e+000  8.459313e+000  9.267937e+000  9.681064e+000  0.000000e+000  
-9.681064e+000  -9.267937e+000  -8.459313e+000  -7.347469e+000  -6.317623e+000  -5.494570e+000  -4.608816e+000  -3.849324e+000  -3.251869e+000  -2.470299e+000  -1.492705e+000  -4.993281e-001  4.993281e-001  1.492705e+000  2.470299e+000  3.251869e+000  3.849324e+000  4.608816e+000  5.494570e+000  6.317623e+000  7.347469e+000  8.459313e+000  9.267937e+000  9.681064e+000  0.000000e+000  
-9.681064e+000  -9.267937e+000  -8.459313e+000  -7.347469e+000  -6.317623e+000  -5.494570e+000  -4.608816e+000  -3.849324e+000  -3.251869e+000  -2.470299e+000  -1.492705e+000  -4.993281e-001  4.993281e-001  1.492705e+000  2.470299e+000  3.251869e+000  3.849324e+000  4.608816e+000  5.494570e+000  6.317623e+000  7.347469e+000  8.459313e+000  9.267937e+000  9.681064e+000  0.000000e+000  
-9.681064e+000  -9.267937e+000  -8.459313e+000  -7.347469e+000  -6.317623e+000  -5.494570e+000  -4.608816e+000  -3.849324e+000  -3.251869e+000  -2.470299e+000  -1.492705e+000  -4.993281e-001  4.993281e-001  1.492705e+000  2.470299e+000  3.251869e+000  3.849324e+000  4.608816e+000  5.494570e+000  6.317623e+000  7.347469e+000  8.459313e+000  9.267937e+000  9.681064e+000  0.000000e+000  
0.000000e+000  0.000000e+000  0.000000e+000  0.000000e+000  0.000000e+000  0.000000e+000  0.000000e+000  0.000000e+000  0.000000e+000  0.000000e+000  0.000000e+000  0.000000e+000  0.000000e+000  0.000000e+000  0.000000e+000  0.000000e+000  0.000000e+000  0.000000e+000  0.000000e+000  0.000000e+000  0.000000e+000  0.000000e+000  0.000000e+000  0.000000e+000  0.000000e+000  

